{"/home/travis/build/npmtest/node-npmtest-jsreport/test.js":{"path":"/home/travis/build/npmtest/node-npmtest-jsreport/test.js","s":{"1":2,"2":2,"3":2,"4":2,"5":2,"6":2,"7":2,"8":1,"9":2,"10":2,"11":1,"12":1,"13":1,"14":1,"15":2,"16":2,"17":2,"18":2,"19":1,"20":1,"21":2,"22":2,"23":2,"24":1,"25":1,"26":1,"27":1,"28":1,"29":1,"30":1,"31":1,"32":1,"33":1,"34":1,"35":1,"36":1,"37":1,"38":1,"39":2,"40":2,"41":1,"42":2,"43":2,"44":1,"45":2,"46":2,"47":1,"48":2,"49":2,"50":1,"51":1,"52":1,"53":1,"54":1},"b":{"1":[2,1,1,1],"2":[1,1,1,1],"3":[1,1],"4":[1,1],"5":[1,1],"6":[1,1],"7":[1,1],"8":[1,1],"9":[1,1],"10":[1,1,1],"11":[1,1],"12":[1,1],"13":[1,1],"14":[1,1],"15":[1,1],"16":[1,1],"17":[1,1]},"f":{"1":2,"2":2,"3":2,"4":2,"5":2,"6":1,"7":1,"8":1,"9":2,"10":2,"11":2,"12":2,"13":1},"fnMap":{"1":{"name":"(anonymous_1)","line":12,"loc":{"start":{"line":12,"column":1},"end":{"line":12,"column":13}}},"2":{"name":"(anonymous_2)","line":19,"loc":{"start":{"line":19,"column":5},"end":{"line":19,"column":17}}},"3":{"name":"(anonymous_3)","line":23,"loc":{"start":{"line":23,"column":24},"end":{"line":23,"column":36}}},"4":{"name":"(anonymous_4)","line":61,"loc":{"start":{"line":61,"column":5},"end":{"line":61,"column":17}}},"5":{"name":"(anonymous_5)","line":82,"loc":{"start":{"line":82,"column":5},"end":{"line":82,"column":17}}},"6":{"name":"(anonymous_6)","line":91,"loc":{"start":{"line":91,"column":77},"end":{"line":94,"column":10}}},"7":{"name":"(anonymous_7)","line":112,"loc":{"start":{"line":112,"column":83},"end":{"line":115,"column":10}},"skip":true},"8":{"name":"(anonymous_8)","line":123,"loc":{"start":{"line":123,"column":77},"end":{"line":126,"column":10}},"skip":true},"9":{"name":"(anonymous_9)","line":139,"loc":{"start":{"line":139,"column":12},"end":{"line":139,"column":40}},"skip":true},"10":{"name":"(anonymous_10)","line":147,"loc":{"start":{"line":147,"column":77},"end":{"line":150,"column":10}},"skip":true},"11":{"name":"(anonymous_11)","line":158,"loc":{"start":{"line":158,"column":83},"end":{"line":161,"column":10}},"skip":true},"12":{"name":"(anonymous_12)","line":169,"loc":{"start":{"line":169,"column":79},"end":{"line":172,"column":10}},"skip":true},"13":{"name":"(anonymous_13)","line":180,"loc":{"start":{"line":180,"column":75},"end":{"line":183,"column":10}},"skip":true}},"statementMap":{"1":{"start":{"line":12,"column":0},"end":{"line":195,"column":5}},"2":{"start":{"line":14,"column":4},"end":{"line":14,"column":14}},"3":{"start":{"line":19,"column":4},"end":{"line":56,"column":9}},"4":{"start":{"line":21,"column":8},"end":{"line":21,"column":19}},"5":{"start":{"line":23,"column":8},"end":{"line":35,"column":13}},"6":{"start":{"line":24,"column":12},"end":{"line":34,"column":13}},"7":{"start":{"line":25,"column":16},"end":{"line":28,"column":30}},"8":{"start":{"line":30,"column":16},"end":{"line":33,"column":27}},"9":{"start":{"line":37,"column":8},"end":{"line":39,"column":21}},"10":{"start":{"line":40,"column":8},"end":{"line":53,"column":9}},"11":{"start":{"line":43,"column":12},"end":{"line":46,"column":14}},"12":{"start":{"line":47,"column":12},"end":{"line":47,"column":18}},"13":{"start":{"line":50,"column":12},"end":{"line":51,"column":33}},"14":{"start":{"line":52,"column":12},"end":{"line":52,"column":18}},"15":{"start":{"line":55,"column":8},"end":{"line":55,"column":35}},"16":{"start":{"line":61,"column":4},"end":{"line":63,"column":9}},"17":{"start":{"line":62,"column":8},"end":{"line":62,"column":15}},"18":{"start":{"line":64,"column":4},"end":{"line":77,"column":5}},"19":{"start":{"line":70,"column":8},"end":{"line":70,"column":14}},"20":{"start":{"line":76,"column":8},"end":{"line":76,"column":14}},"21":{"start":{"line":82,"column":4},"end":{"line":84,"column":9}},"22":{"start":{"line":83,"column":8},"end":{"line":83,"column":15}},"23":{"start":{"line":85,"column":4},"end":{"line":194,"column":5}},"24":{"start":{"line":91,"column":8},"end":{"line":99,"column":10}},"25":{"start":{"line":98,"column":12},"end":{"line":98,"column":35}},"26":{"start":{"line":102,"column":8},"end":{"line":104,"column":63}},"27":{"start":{"line":105,"column":8},"end":{"line":105,"column":14}},"28":{"start":{"line":112,"column":8},"end":{"line":121,"column":10},"skip":true},"29":{"start":{"line":119,"column":12},"end":{"line":119,"column":55},"skip":true},"30":{"start":{"line":120,"column":12},"end":{"line":120,"column":48},"skip":true},"31":{"start":{"line":123,"column":8},"end":{"line":136,"column":10},"skip":true},"32":{"start":{"line":130,"column":12},"end":{"line":130,"column":76},"skip":true},"33":{"start":{"line":131,"column":12},"end":{"line":131,"column":73},"skip":true},"34":{"start":{"line":132,"column":12},"end":{"line":132,"column":74},"skip":true},"35":{"start":{"line":133,"column":12},"end":{"line":133,"column":79},"skip":true},"36":{"start":{"line":134,"column":12},"end":{"line":134,"column":25},"skip":true},"37":{"start":{"line":135,"column":12},"end":{"line":135,"column":45},"skip":true},"38":{"start":{"line":138,"column":8},"end":{"line":145,"column":14},"skip":true},"39":{"start":{"line":143,"column":16},"end":{"line":143,"column":29},"skip":true},"40":{"start":{"line":144,"column":16},"end":{"line":144,"column":55},"skip":true},"41":{"start":{"line":147,"column":8},"end":{"line":156,"column":10},"skip":true},"42":{"start":{"line":154,"column":12},"end":{"line":154,"column":25},"skip":true},"43":{"start":{"line":155,"column":12},"end":{"line":155,"column":45},"skip":true},"44":{"start":{"line":158,"column":8},"end":{"line":167,"column":10},"skip":true},"45":{"start":{"line":165,"column":12},"end":{"line":165,"column":25},"skip":true},"46":{"start":{"line":166,"column":12},"end":{"line":166,"column":48},"skip":true},"47":{"start":{"line":169,"column":8},"end":{"line":178,"column":10},"skip":true},"48":{"start":{"line":176,"column":12},"end":{"line":176,"column":25},"skip":true},"49":{"start":{"line":177,"column":12},"end":{"line":177,"column":46},"skip":true},"50":{"start":{"line":180,"column":8},"end":{"line":189,"column":10},"skip":true},"51":{"start":{"line":187,"column":12},"end":{"line":187,"column":94},"skip":true},"52":{"start":{"line":188,"column":12},"end":{"line":188,"column":48},"skip":true},"53":{"start":{"line":192,"column":8},"end":{"line":192,"column":35},"skip":true},"54":{"start":{"line":193,"column":8},"end":{"line":193,"column":14},"skip":true}},"branchMap":{"1":{"line":25,"type":"binary-expr","locations":[{"start":{"line":25,"column":23},"end":{"line":25,"column":62}},{"start":{"line":26,"column":20},"end":{"line":26,"column":70}},{"start":{"line":27,"column":20},"end":{"line":27,"column":71}},{"start":{"line":28,"column":20},"end":{"line":28,"column":29}}]},"2":{"line":30,"type":"binary-expr","locations":[{"start":{"line":30,"column":23},"end":{"line":30,"column":37}},{"start":{"line":31,"column":20},"end":{"line":31,"column":61}},{"start":{"line":32,"column":20},"end":{"line":32,"column":70}},{"start":{"line":33,"column":20},"end":{"line":33,"column":26}}]},"3":{"line":37,"type":"cond-expr","locations":[{"start":{"line":38,"column":14},"end":{"line":38,"column":20}},{"start":{"line":39,"column":14},"end":{"line":39,"column":20}}]},"4":{"line":40,"type":"switch","locations":[{"start":{"line":42,"column":8},"end":{"line":47,"column":18}},{"start":{"line":49,"column":8},"end":{"line":52,"column":18}}]},"5":{"line":44,"type":"binary-expr","locations":[{"start":{"line":44,"column":16},"end":{"line":44,"column":44}},{"start":{"line":44,"column":48},"end":{"line":44,"column":66}}]},"6":{"line":50,"type":"binary-expr","locations":[{"start":{"line":50,"column":21},"end":{"line":50,"column":49}},{"start":{"line":50,"column":53},"end":{"line":50,"column":72}}]},"7":{"line":64,"type":"switch","locations":[{"start":{"line":69,"column":4},"end":{"line":70,"column":14}},{"start":{"line":75,"column":4},"end":{"line":76,"column":14}}]},"8":{"line":85,"type":"switch","locations":[{"start":{"line":90,"column":4},"end":{"line":105,"column":14}},{"start":{"line":111,"column":4},"end":{"line":193,"column":14},"skip":true}]},"9":{"line":91,"type":"binary-expr","locations":[{"start":{"line":91,"column":42},"end":{"line":91,"column":73}},{"start":{"line":91,"column":77},"end":{"line":99,"column":9}}]},"10":{"line":102,"type":"binary-expr","locations":[{"start":{"line":102,"column":18},"end":{"line":102,"column":32}},{"start":{"line":103,"column":12},"end":{"line":103,"column":53}},{"start":{"line":104,"column":12},"end":{"line":104,"column":61}}]},"11":{"line":112,"type":"binary-expr","locations":[{"start":{"line":112,"column":45},"end":{"line":112,"column":79},"skip":true},{"start":{"line":112,"column":83},"end":{"line":121,"column":9},"skip":true}]},"12":{"line":123,"type":"binary-expr","locations":[{"start":{"line":123,"column":42},"end":{"line":123,"column":73},"skip":true},{"start":{"line":123,"column":77},"end":{"line":136,"column":9},"skip":true}]},"13":{"line":138,"type":"binary-expr","locations":[{"start":{"line":138,"column":48},"end":{"line":138,"column":85},"skip":true},{"start":{"line":139,"column":12},"end":{"line":145,"column":13},"skip":true}]},"14":{"line":147,"type":"binary-expr","locations":[{"start":{"line":147,"column":42},"end":{"line":147,"column":73},"skip":true},{"start":{"line":147,"column":77},"end":{"line":156,"column":9},"skip":true}]},"15":{"line":158,"type":"binary-expr","locations":[{"start":{"line":158,"column":45},"end":{"line":158,"column":79},"skip":true},{"start":{"line":158,"column":83},"end":{"line":167,"column":9},"skip":true}]},"16":{"line":169,"type":"binary-expr","locations":[{"start":{"line":169,"column":43},"end":{"line":169,"column":75},"skip":true},{"start":{"line":169,"column":79},"end":{"line":178,"column":9},"skip":true}]},"17":{"line":180,"type":"binary-expr","locations":[{"start":{"line":180,"column":41},"end":{"line":180,"column":71},"skip":true},{"start":{"line":180,"column":75},"end":{"line":189,"column":9},"skip":true}]}},"code":["/* istanbul instrument in package npmtest_jsreport */","/*jslint","    bitwise: true,","    browser: true,","    maxerr: 8,","    maxlen: 96,","    node: true,","    nomen: true,","    regexp: true,","    stupid: true","*/","(function () {","    'use strict';","    var local;","","","","    // run shared js-env code - pre-init","    (function () {","        // init local","        local = {};","        // init modeJs","        local.modeJs = (function () {","            try {","                return typeof navigator.userAgent === 'string' &&","                    typeof document.querySelector('body') === 'object' &&","                    typeof XMLHttpRequest.prototype.open === 'function' &&","                    'browser';","            } catch (errorCaughtBrowser) {","                return module.exports &&","                    typeof process.versions.node === 'string' &&","                    typeof require('http').createServer === 'function' &&","                    'node';","            }","        }());","        // init global","        local.global = local.modeJs === 'browser'","            ? window","            : global;","        switch (local.modeJs) {","        // re-init local from window.local","        case 'browser':","            local = local.global.utility2.objectSetDefault(","                local.global.utility2_rollup || local.global.local,","                local.global.utility2","            );","            break;","        // re-init local from example.js","        case 'node':","            local = (local.global.utility2_rollup || require('utility2'))","                .requireReadme();","            break;","        }","        // export local","        local.global.local = local;","    }());","","","","    // run shared js-env code - function","    (function () {","        return;","    }());","    switch (local.modeJs) {","","","","    // run browser js-env code - function","    case 'browser':","        break;","","","","    // run node js-env code - function","    case 'node':","        break;","    }","","","","    // run shared js-env code - post-init","    (function () {","        return;","    }());","    switch (local.modeJs) {","","","","    // run browser js-env code - post-init","    case 'browser':","        local.testCase_browser_nullCase = local.testCase_browser_nullCase || function (","            options,","            onError","        ) {","        /*","         * this function will test browsers's null-case handling-behavior-behavior","         */","            onError(null, options);","        };","","        // run tests","        local.nop(local.modeTest &&","            document.querySelector('#testRunButton1') &&","            document.querySelector('#testRunButton1').click());","        break;","","","","    // run node js-env code - post-init","    /* istanbul ignore next */","    case 'node':","        local.testCase_buildApidoc_default = local.testCase_buildApidoc_default || function (","            options,","            onError","        ) {","        /*","         * this function will test buildApidoc's default handling-behavior-behavior","         */","            options = { modulePathList: module.paths };","            local.buildApidoc(options, onError);","        };","","        local.testCase_buildApp_default = local.testCase_buildApp_default || function (","            options,","            onError","        ) {","        /*","         * this function will test buildApp's default handling-behavior-behavior","         */","            local.testCase_buildReadme_default(options, local.onErrorThrow);","            local.testCase_buildLib_default(options, local.onErrorThrow);","            local.testCase_buildTest_default(options, local.onErrorThrow);","            local.testCase_buildCustomOrg_default(options, local.onErrorThrow);","            options = [];","            local.buildApp(options, onError);","        };","","        local.testCase_buildCustomOrg_default = local.testCase_buildCustomOrg_default ||","            function (options, onError) {","            /*","             * this function will test buildCustomOrg's default handling-behavior","             */","                options = {};","                local.buildCustomOrg(options, onError);","            };","","        local.testCase_buildLib_default = local.testCase_buildLib_default || function (","            options,","            onError","        ) {","        /*","         * this function will test buildLib's default handling-behavior","         */","            options = {};","            local.buildLib(options, onError);","        };","","        local.testCase_buildReadme_default = local.testCase_buildReadme_default || function (","            options,","            onError","        ) {","        /*","         * this function will test buildReadme's default handling-behavior-behavior","         */","            options = {};","            local.buildReadme(options, onError);","        };","","        local.testCase_buildTest_default = local.testCase_buildTest_default || function (","            options,","            onError","        ) {","        /*","         * this function will test buildTest's default handling-behavior","         */","            options = {};","            local.buildTest(options, onError);","        };","","        local.testCase_webpage_default = local.testCase_webpage_default || function (","            options,","            onError","        ) {","        /*","         * this function will test webpage's default handling-behavior","         */","            options = { modeCoverageMerge: true, url: local.serverLocalHost + '?modeTest=1' };","            local.browserTest(options, onError);","        };","","        // run test-server","        local.testRunServer(local);","        break;","    }","}());",""],"l":{"12":2,"14":2,"19":2,"21":2,"23":2,"24":2,"25":2,"30":1,"37":2,"40":2,"43":1,"47":1,"50":1,"52":1,"55":2,"61":2,"62":2,"64":2,"70":1,"76":1,"82":2,"83":2,"85":2,"91":1,"98":1,"102":1,"105":1,"112":1,"119":1,"120":1,"123":1,"130":1,"131":1,"132":1,"133":1,"134":1,"135":1,"138":1,"143":2,"144":2,"147":1,"154":2,"155":2,"158":1,"165":2,"166":2,"169":1,"176":2,"177":2,"180":1,"187":1,"188":1,"192":1,"193":1}},"/home/travis/build/npmtest/node-npmtest-jsreport/lib.npmtest_jsreport.js":{"path":"/home/travis/build/npmtest/node-npmtest-jsreport/lib.npmtest_jsreport.js","s":{"1":2,"2":2,"3":2,"4":2,"5":2,"6":2,"7":2,"8":1,"9":2,"10":2,"11":2,"12":2,"13":1,"14":1,"15":1,"16":1},"b":{"1":[2,1,1,1],"2":[1,1,1,1],"3":[1,1],"4":[2,2],"5":[1,1]},"f":{"1":2,"2":2,"3":2},"fnMap":{"1":{"name":"(anonymous_1)","line":12,"loc":{"start":{"line":12,"column":1},"end":{"line":12,"column":13}}},"2":{"name":"(anonymous_2)","line":19,"loc":{"start":{"line":19,"column":5},"end":{"line":19,"column":17}}},"3":{"name":"(anonymous_3)","line":23,"loc":{"start":{"line":23,"column":24},"end":{"line":23,"column":36}}}},"statementMap":{"1":{"start":{"line":12,"column":0},"end":{"line":53,"column":5}},"2":{"start":{"line":14,"column":4},"end":{"line":14,"column":14}},"3":{"start":{"line":19,"column":4},"end":{"line":52,"column":9}},"4":{"start":{"line":21,"column":8},"end":{"line":21,"column":19}},"5":{"start":{"line":23,"column":8},"end":{"line":35,"column":13}},"6":{"start":{"line":24,"column":12},"end":{"line":34,"column":13}},"7":{"start":{"line":25,"column":16},"end":{"line":28,"column":30}},"8":{"start":{"line":30,"column":16},"end":{"line":33,"column":27}},"9":{"start":{"line":37,"column":8},"end":{"line":39,"column":21}},"10":{"start":{"line":41,"column":8},"end":{"line":41,"column":54}},"11":{"start":{"line":43,"column":8},"end":{"line":43,"column":53}},"12":{"start":{"line":45,"column":8},"end":{"line":51,"column":9}},"13":{"start":{"line":46,"column":12},"end":{"line":46,"column":59}},"14":{"start":{"line":48,"column":12},"end":{"line":48,"column":35}},"15":{"start":{"line":49,"column":12},"end":{"line":49,"column":49}},"16":{"start":{"line":50,"column":12},"end":{"line":50,"column":43}}},"branchMap":{"1":{"line":25,"type":"binary-expr","locations":[{"start":{"line":25,"column":23},"end":{"line":25,"column":62}},{"start":{"line":26,"column":20},"end":{"line":26,"column":70}},{"start":{"line":27,"column":20},"end":{"line":27,"column":71}},{"start":{"line":28,"column":20},"end":{"line":28,"column":29}}]},"2":{"line":30,"type":"binary-expr","locations":[{"start":{"line":30,"column":23},"end":{"line":30,"column":37}},{"start":{"line":31,"column":20},"end":{"line":31,"column":61}},{"start":{"line":32,"column":20},"end":{"line":32,"column":70}},{"start":{"line":33,"column":20},"end":{"line":33,"column":26}}]},"3":{"line":37,"type":"cond-expr","locations":[{"start":{"line":38,"column":14},"end":{"line":38,"column":20}},{"start":{"line":39,"column":14},"end":{"line":39,"column":20}}]},"4":{"line":41,"type":"binary-expr","locations":[{"start":{"line":41,"column":16},"end":{"line":41,"column":44}},{"start":{"line":41,"column":48},"end":{"line":41,"column":53}}]},"5":{"line":45,"type":"if","locations":[{"start":{"line":45,"column":8},"end":{"line":45,"column":8}},{"start":{"line":45,"column":8},"end":{"line":45,"column":8}}]}},"code":["/* istanbul instrument in package npmtest_jsreport */","/*jslint","    bitwise: true,","    browser: true,","    maxerr: 8,","    maxlen: 96,","    node: true,","    nomen: true,","    regexp: true,","    stupid: true","*/","(function () {","    'use strict';","    var local;","","","","    // run shared js-env code - pre-init","    (function () {","        // init local","        local = {};","        // init modeJs","        local.modeJs = (function () {","            try {","                return typeof navigator.userAgent === 'string' &&","                    typeof document.querySelector('body') === 'object' &&","                    typeof XMLHttpRequest.prototype.open === 'function' &&","                    'browser';","            } catch (errorCaughtBrowser) {","                return module.exports &&","                    typeof process.versions.node === 'string' &&","                    typeof require('http').createServer === 'function' &&","                    'node';","            }","        }());","        // init global","        local.global = local.modeJs === 'browser'","            ? window","            : global;","        // init utility2_rollup","        local = local.global.utility2_rollup || local;","        // init lib","        local.local = local.npmtest_jsreport = local;","        // init exports","        if (local.modeJs === 'browser') {","            local.global.utility2_npmtest_jsreport = local;","        } else {","            module.exports = local;","            module.exports.__dirname = __dirname;","            module.exports.module = module;","        }","    }());","}());",""],"l":{"12":2,"14":2,"19":2,"21":2,"23":2,"24":2,"25":2,"30":1,"37":2,"41":2,"43":2,"45":2,"46":1,"48":1,"49":1,"50":1}},"/home/travis/build/npmtest/node-npmtest-jsreport/example.js":{"path":"/home/travis/build/npmtest/node-npmtest-jsreport/example.js","s":{"1":2,"2":2,"3":2,"4":2,"5":2,"6":2,"7":2,"8":1,"9":2,"10":2,"11":2,"12":2,"13":1,"14":2,"15":2,"16":2,"17":2,"18":2,"19":0,"20":2,"21":1,"22":1,"23":1,"24":1,"25":1,"26":0,"27":0,"28":1,"29":1,"30":2,"31":0,"32":0,"33":0,"34":1,"35":2,"36":2,"37":3,"38":3,"39":3,"40":3,"41":0,"42":3,"43":3,"44":3,"45":1,"46":3,"47":1,"48":1,"49":1,"50":1,"51":1,"52":1,"53":1,"54":1,"55":1,"56":1,"57":0,"58":1,"59":6,"60":6,"61":1,"62":2,"63":0,"64":2,"65":1,"66":1,"67":0,"68":0,"69":0,"70":0,"71":0,"72":0,"73":0,"74":0,"75":0,"76":0,"77":0,"78":0,"79":0,"80":0,"81":0,"82":0,"83":0},"b":{"1":[2,1,1,1],"2":[1,1,1,1],"3":[1,1],"4":[2,2],"5":[1,1],"6":[1,1],"7":[2,0],"8":[2,1,1,1,1,1],"9":[0,2,0],"10":[1,1],"11":[2,1,1],"12":[1,0],"13":[0,2],"14":[2,0,0,0,0,0,0],"15":[0,3],"16":[3,0],"17":[1,1],"18":[0,1],"19":[1,2,0,2],"20":[1,0],"21":[1,1],"22":[0,0],"23":[0,0],"24":[0,0],"25":[0,0],"26":[0,0],"27":[0,0],"28":[0,0]},"f":{"1":2,"2":2,"3":2,"4":2,"5":2,"6":2,"7":3,"8":3,"9":3,"10":1,"11":6,"12":0},"fnMap":{"1":{"name":"(anonymous_1)","line":26,"loc":{"start":{"line":26,"column":1},"end":{"line":26,"column":13}}},"2":{"name":"(anonymous_2)","line":33,"loc":{"start":{"line":33,"column":5},"end":{"line":33,"column":17}}},"3":{"name":"(anonymous_3)","line":37,"loc":{"start":{"line":37,"column":24},"end":{"line":37,"column":36}}},"4":{"name":"(anonymous_4)","line":69,"loc":{"start":{"line":69,"column":31},"end":{"line":69,"column":48}},"skip":true},"5":{"name":"(anonymous_5)","line":78,"loc":{"start":{"line":78,"column":26},"end":{"line":78,"column":45}},"skip":true},"6":{"name":"(anonymous_6)","line":123,"loc":{"start":{"line":123,"column":33},"end":{"line":123,"column":48}},"skip":true},"7":{"name":"(anonymous_7)","line":125,"loc":{"start":{"line":125,"column":27},"end":{"line":125,"column":39}},"skip":true},"8":{"name":"(anonymous_8)","line":133,"loc":{"start":{"line":133,"column":59},"end":{"line":133,"column":74}},"skip":true},"9":{"name":"(anonymous_9)","line":143,"loc":{"start":{"line":143,"column":45},"end":{"line":143,"column":62}},"skip":true},"10":{"name":"(anonymous_10)","line":144,"loc":{"start":{"line":144,"column":73},"end":{"line":144,"column":92}},"skip":true},"11":{"name":"(anonymous_11)","line":272,"loc":{"start":{"line":272,"column":51},"end":{"line":272,"column":77}},"skip":true},"12":{"name":"(anonymous_12)","line":315,"loc":{"start":{"line":315,"column":32},"end":{"line":315,"column":61}},"skip":true}},"statementMap":{"1":{"start":{"line":26,"column":0},"end":{"line":326,"column":5}},"2":{"start":{"line":28,"column":4},"end":{"line":28,"column":14}},"3":{"start":{"line":33,"column":4},"end":{"line":60,"column":9}},"4":{"start":{"line":35,"column":8},"end":{"line":35,"column":19}},"5":{"start":{"line":37,"column":8},"end":{"line":49,"column":13}},"6":{"start":{"line":38,"column":12},"end":{"line":48,"column":13}},"7":{"start":{"line":39,"column":16},"end":{"line":42,"column":30}},"8":{"start":{"line":44,"column":16},"end":{"line":47,"column":27}},"9":{"start":{"line":51,"column":8},"end":{"line":53,"column":21}},"10":{"start":{"line":55,"column":8},"end":{"line":57,"column":45}},"11":{"start":{"line":59,"column":8},"end":{"line":59,"column":35}},"12":{"start":{"line":61,"column":4},"end":{"line":325,"column":5}},"13":{"start":{"line":69,"column":8},"end":{"line":121,"column":10},"skip":true},"14":{"start":{"line":70,"column":12},"end":{"line":88,"column":13},"skip":true},"15":{"start":{"line":76,"column":16},"end":{"line":87,"column":19},"skip":true},"16":{"start":{"line":79,"column":20},"end":{"line":86,"column":21},"skip":true},"17":{"start":{"line":82,"column":24},"end":{"line":82,"column":43},"skip":true},"18":{"start":{"line":83,"column":24},"end":{"line":83,"column":30},"skip":true},"19":{"start":{"line":85,"column":24},"end":{"line":85,"column":49},"skip":true},"20":{"start":{"line":89,"column":12},"end":{"line":107,"column":13},"skip":true},"21":{"start":{"line":92,"column":16},"end":{"line":102,"column":17},"skip":true},"22":{"start":{"line":93,"column":20},"end":{"line":93,"column":86},"skip":true},"23":{"start":{"line":94,"column":20},"end":{"line":95,"column":45},"skip":true},"24":{"start":{"line":96,"column":20},"end":{"line":96,"column":42},"skip":true},"25":{"start":{"line":97,"column":20},"end":{"line":97,"column":48},"skip":true},"26":{"start":{"line":100,"column":20},"end":{"line":100,"column":85},"skip":true},"27":{"start":{"line":101,"column":20},"end":{"line":101,"column":96},"skip":true},"28":{"start":{"line":103,"column":16},"end":{"line":103,"column":22},"skip":true},"29":{"start":{"line":106,"column":16},"end":{"line":106,"column":22},"skip":true},"30":{"start":{"line":108,"column":12},"end":{"line":120,"column":13},"skip":true},"31":{"start":{"line":114,"column":16},"end":{"line":119,"column":17},"skip":true},"32":{"start":{"line":116,"column":20},"end":{"line":116,"column":78},"skip":true},"33":{"start":{"line":118,"column":20},"end":{"line":118,"column":47},"skip":true},"34":{"start":{"line":123,"column":8},"end":{"line":141,"column":11},"skip":true},"35":{"start":{"line":124,"column":12},"end":{"line":124,"column":54},"skip":true},"36":{"start":{"line":125,"column":12},"end":{"line":140,"column":14},"skip":true},"37":{"start":{"line":126,"column":16},"end":{"line":126,"column":28},"skip":true},"38":{"start":{"line":127,"column":16},"end":{"line":127,"column":69},"skip":true},"39":{"start":{"line":128,"column":16},"end":{"line":128,"column":75},"skip":true},"40":{"start":{"line":129,"column":16},"end":{"line":131,"column":17},"skip":true},"41":{"start":{"line":130,"column":20},"end":{"line":130,"column":27},"skip":true},"42":{"start":{"line":133,"column":16},"end":{"line":137,"column":36},"skip":true},"43":{"start":{"line":134,"column":20},"end":{"line":136,"column":55},"skip":true},"44":{"start":{"line":139,"column":16},"end":{"line":139,"column":57},"skip":true},"45":{"start":{"line":143,"column":8},"end":{"line":147,"column":11},"skip":true},"46":{"start":{"line":144,"column":12},"end":{"line":146,"column":15},"skip":true},"47":{"start":{"line":145,"column":16},"end":{"line":145,"column":70},"skip":true},"48":{"start":{"line":149,"column":8},"end":{"line":149,"column":31},"skip":true},"49":{"start":{"line":150,"column":8},"end":{"line":150,"column":14},"skip":true},"50":{"start":{"line":158,"column":8},"end":{"line":158,"column":31},"skip":true},"51":{"start":{"line":160,"column":8},"end":{"line":160,"column":33},"skip":true},"52":{"start":{"line":161,"column":8},"end":{"line":161,"column":37},"skip":true},"53":{"start":{"line":162,"column":8},"end":{"line":162,"column":35},"skip":true},"54":{"start":{"line":164,"column":8},"end":{"line":164,"column":50},"skip":true},"55":{"start":{"line":166,"column":8},"end":{"line":256,"column":2},"skip":true},"56":{"start":{"line":258,"column":8},"end":{"line":286,"column":9},"skip":true},"57":{"start":{"line":259,"column":12},"end":{"line":269,"column":14},"skip":true},"58":{"start":{"line":271,"column":12},"end":{"line":285,"column":19},"skip":true},"59":{"start":{"line":274,"column":20},"end":{"line":274,"column":35},"skip":true},"60":{"start":{"line":275,"column":20},"end":{"line":284,"column":21},"skip":true},"61":{"start":{"line":277,"column":24},"end":{"line":277,"column":64},"skip":true},"62":{"start":{"line":279,"column":24},"end":{"line":279,"column":40},"skip":true},"63":{"start":{"line":281,"column":24},"end":{"line":281,"column":40},"skip":true},"64":{"start":{"line":283,"column":24},"end":{"line":283,"column":39},"skip":true},"65":{"start":{"line":288,"column":8},"end":{"line":290,"column":9},"skip":true},"66":{"start":{"line":289,"column":12},"end":{"line":289,"column":18},"skip":true},"67":{"start":{"line":291,"column":8},"end":{"line":293,"column":54},"skip":true},"68":{"start":{"line":296,"column":8},"end":{"line":301,"column":37},"skip":true},"69":{"start":{"line":303,"column":8},"end":{"line":303,"column":82},"skip":true},"70":{"start":{"line":306,"column":8},"end":{"line":308,"column":9},"skip":true},"71":{"start":{"line":307,"column":12},"end":{"line":307,"column":82},"skip":true},"72":{"start":{"line":310,"column":8},"end":{"line":312,"column":9},"skip":true},"73":{"start":{"line":311,"column":12},"end":{"line":311,"column":18},"skip":true},"74":{"start":{"line":313,"column":8},"end":{"line":313,"column":54},"skip":true},"75":{"start":{"line":314,"column":8},"end":{"line":314,"column":69},"skip":true},"76":{"start":{"line":315,"column":8},"end":{"line":323,"column":36},"skip":true},"77":{"start":{"line":316,"column":12},"end":{"line":316,"column":61},"skip":true},"78":{"start":{"line":317,"column":12},"end":{"line":320,"column":13},"skip":true},"79":{"start":{"line":318,"column":16},"end":{"line":318,"column":75},"skip":true},"80":{"start":{"line":319,"column":16},"end":{"line":319,"column":23},"skip":true},"81":{"start":{"line":321,"column":12},"end":{"line":321,"column":38},"skip":true},"82":{"start":{"line":322,"column":12},"end":{"line":322,"column":27},"skip":true},"83":{"start":{"line":324,"column":8},"end":{"line":324,"column":14},"skip":true}},"branchMap":{"1":{"line":39,"type":"binary-expr","locations":[{"start":{"line":39,"column":23},"end":{"line":39,"column":62}},{"start":{"line":40,"column":20},"end":{"line":40,"column":70}},{"start":{"line":41,"column":20},"end":{"line":41,"column":71}},{"start":{"line":42,"column":20},"end":{"line":42,"column":29}}]},"2":{"line":44,"type":"binary-expr","locations":[{"start":{"line":44,"column":23},"end":{"line":44,"column":37}},{"start":{"line":45,"column":20},"end":{"line":45,"column":61}},{"start":{"line":46,"column":20},"end":{"line":46,"column":70}},{"start":{"line":47,"column":20},"end":{"line":47,"column":26}}]},"3":{"line":51,"type":"cond-expr","locations":[{"start":{"line":52,"column":14},"end":{"line":52,"column":20}},{"start":{"line":53,"column":14},"end":{"line":53,"column":20}}]},"4":{"line":55,"type":"binary-expr","locations":[{"start":{"line":55,"column":16},"end":{"line":55,"column":44}},{"start":{"line":55,"column":49},"end":{"line":57,"column":43}}]},"5":{"line":55,"type":"cond-expr","locations":[{"start":{"line":56,"column":14},"end":{"line":56,"column":52}},{"start":{"line":57,"column":14},"end":{"line":57,"column":43}}]},"6":{"line":61,"type":"switch","locations":[{"start":{"line":68,"column":4},"end":{"line":150,"column":14},"skip":true},{"start":{"line":156,"column":4},"end":{"line":324,"column":14},"skip":true}]},"7":{"line":70,"type":"if","locations":[{"start":{"line":70,"column":12},"end":{"line":70,"column":12},"skip":true},{"start":{"line":70,"column":12},"end":{"line":70,"column":12},"skip":true}]},"8":{"line":70,"type":"binary-expr","locations":[{"start":{"line":70,"column":16},"end":{"line":70,"column":22},"skip":true},{"start":{"line":70,"column":27},"end":{"line":70,"column":32},"skip":true},{"start":{"line":71,"column":20},"end":{"line":71,"column":39},"skip":true},{"start":{"line":72,"column":20},"end":{"line":72,"column":49},"skip":true},{"start":{"line":73,"column":20},"end":{"line":73,"column":58},"skip":true},{"start":{"line":74,"column":20},"end":{"line":74,"column":69},"skip":true}]},"9":{"line":79,"type":"switch","locations":[{"start":{"line":80,"column":20},"end":{"line":80,"column":33},"skip":true},{"start":{"line":81,"column":20},"end":{"line":83,"column":30},"skip":true},{"start":{"line":84,"column":20},"end":{"line":85,"column":49},"skip":true}]},"10":{"line":89,"type":"switch","locations":[{"start":{"line":90,"column":12},"end":{"line":103,"column":22},"skip":true},{"start":{"line":105,"column":12},"end":{"line":106,"column":22},"skip":true}]},"11":{"line":89,"type":"binary-expr","locations":[{"start":{"line":89,"column":20},"end":{"line":89,"column":25},"skip":true},{"start":{"line":89,"column":29},"end":{"line":89,"column":48},"skip":true},{"start":{"line":89,"column":52},"end":{"line":89,"column":74},"skip":true}]},"12":{"line":92,"type":"if","locations":[{"start":{"line":92,"column":16},"end":{"line":92,"column":16},"skip":true},{"start":{"line":92,"column":16},"end":{"line":92,"column":16},"skip":true}]},"13":{"line":108,"type":"if","locations":[{"start":{"line":108,"column":12},"end":{"line":108,"column":12},"skip":true},{"start":{"line":108,"column":12},"end":{"line":108,"column":12},"skip":true}]},"14":{"line":108,"type":"binary-expr","locations":[{"start":{"line":108,"column":16},"end":{"line":108,"column":61},"skip":true},{"start":{"line":108,"column":66},"end":{"line":108,"column":72},"skip":true},{"start":{"line":108,"column":77},"end":{"line":108,"column":82},"skip":true},{"start":{"line":109,"column":20},"end":{"line":109,"column":39},"skip":true},{"start":{"line":110,"column":20},"end":{"line":110,"column":49},"skip":true},{"start":{"line":111,"column":20},"end":{"line":111,"column":58},"skip":true},{"start":{"line":112,"column":20},"end":{"line":112,"column":68},"skip":true}]},"15":{"line":129,"type":"if","locations":[{"start":{"line":129,"column":16},"end":{"line":129,"column":16},"skip":true},{"start":{"line":129,"column":16},"end":{"line":129,"column":16},"skip":true}]},"16":{"line":134,"type":"cond-expr","locations":[{"start":{"line":135,"column":26},"end":{"line":135,"column":29},"skip":true},{"start":{"line":136,"column":26},"end":{"line":136,"column":54},"skip":true}]},"17":{"line":164,"type":"binary-expr","locations":[{"start":{"line":164,"column":27},"end":{"line":164,"column":43},"skip":true},{"start":{"line":164,"column":47},"end":{"line":164,"column":49},"skip":true}]},"18":{"line":258,"type":"if","locations":[{"start":{"line":258,"column":8},"end":{"line":258,"column":8},"skip":true},{"start":{"line":258,"column":8},"end":{"line":258,"column":8},"skip":true}]},"19":{"line":275,"type":"switch","locations":[{"start":{"line":276,"column":20},"end":{"line":277,"column":64},"skip":true},{"start":{"line":278,"column":20},"end":{"line":279,"column":40},"skip":true},{"start":{"line":280,"column":20},"end":{"line":281,"column":40},"skip":true},{"start":{"line":282,"column":20},"end":{"line":283,"column":39},"skip":true}]},"20":{"line":288,"type":"if","locations":[{"start":{"line":288,"column":8},"end":{"line":288,"column":8},"skip":true},{"start":{"line":288,"column":8},"end":{"line":288,"column":8},"skip":true}]},"21":{"line":288,"type":"binary-expr","locations":[{"start":{"line":288,"column":12},"end":{"line":288,"column":40},"skip":true},{"start":{"line":288,"column":44},"end":{"line":288,"column":67},"skip":true}]},"22":{"line":292,"type":"binary-expr","locations":[{"start":{"line":292,"column":12},"end":{"line":292,"column":50},"skip":true},{"start":{"line":293,"column":12},"end":{"line":293,"column":53},"skip":true}]},"23":{"line":297,"type":"binary-expr","locations":[{"start":{"line":297,"column":12},"end":{"line":297,"column":66},"skip":true},{"start":{"line":298,"column":12},"end":{"line":301,"column":36},"skip":true}]},"24":{"line":303,"type":"binary-expr","locations":[{"start":{"line":303,"column":43},"end":{"line":303,"column":75},"skip":true},{"start":{"line":303,"column":79},"end":{"line":303,"column":81},"skip":true}]},"25":{"line":306,"type":"if","locations":[{"start":{"line":306,"column":8},"end":{"line":306,"column":8},"skip":true},{"start":{"line":306,"column":8},"end":{"line":306,"column":8},"skip":true}]},"26":{"line":310,"type":"if","locations":[{"start":{"line":310,"column":8},"end":{"line":310,"column":8},"skip":true},{"start":{"line":310,"column":8},"end":{"line":310,"column":8},"skip":true}]},"27":{"line":313,"type":"binary-expr","locations":[{"start":{"line":313,"column":27},"end":{"line":313,"column":43},"skip":true},{"start":{"line":313,"column":47},"end":{"line":313,"column":53},"skip":true}]},"28":{"line":317,"type":"if","locations":[{"start":{"line":317,"column":12},"end":{"line":317,"column":12},"skip":true},{"start":{"line":317,"column":12},"end":{"line":317,"column":12},"skip":true}]}},"code":["/*","example.js","","quickstart example","","instruction","    1. save this script as example.js","    2. run the shell command:","        $ npm install npmtest-jsreport && PORT=8081 node example.js","    3. play with the browser-demo on http://127.0.0.1:8081","*/","","","","/* istanbul instrument in package npmtest_jsreport */","/*jslint","    bitwise: true,","    browser: true,","    maxerr: 8,","    maxlen: 96,","    node: true,","    nomen: true,","    regexp: true,","    stupid: true","*/","(function () {","    'use strict';","    var local;","","","","    // run shared js-env code - pre-init","    (function () {","        // init local","        local = {};","        // init modeJs","        local.modeJs = (function () {","            try {","                return typeof navigator.userAgent === 'string' &&","                    typeof document.querySelector('body') === 'object' &&","                    typeof XMLHttpRequest.prototype.open === 'function' &&","                    'browser';","            } catch (errorCaughtBrowser) {","                return module.exports &&","                    typeof process.versions.node === 'string' &&","                    typeof require('http').createServer === 'function' &&","                    'node';","            }","        }());","        // init global","        local.global = local.modeJs === 'browser'","            ? window","            : global;","        // init utility2_rollup","        local = local.global.utility2_rollup || (local.modeJs === 'browser'","            ? local.global.utility2_npmtest_jsreport","            : global.utility2_moduleExports);","        // export local","        local.global.local = local;","    }());","    switch (local.modeJs) {","","","","    // post-init","    // run browser js-env code - post-init","    /* istanbul ignore next */","    case 'browser':","        local.testRunBrowser = function (event) {","            if (!event || (event &&","                    event.currentTarget &&","                    event.currentTarget.className &&","                    event.currentTarget.className.includes &&","                    event.currentTarget.className.includes('onreset'))) {","                // reset output","                Array.from(","                    document.querySelectorAll('body > .resettable')","                ).forEach(function (element) {","                    switch (element.tagName) {","                    case 'INPUT':","                    case 'TEXTAREA':","                        element.value = '';","                        break;","                    default:","                        element.textContent = '';","                    }","                });","            }","            switch (event && event.currentTarget && event.currentTarget.id) {","            case 'testRunButton1':","                // show tests","                if (document.querySelector('#testReportDiv1').style.display === 'none') {","                    document.querySelector('#testReportDiv1').style.display = 'block';","                    document.querySelector('#testRunButton1').textContent =","                        'hide internal test';","                    local.modeTest = true;","                    local.testRunDefault(local);","                // hide tests","                } else {","                    document.querySelector('#testReportDiv1').style.display = 'none';","                    document.querySelector('#testRunButton1').textContent = 'run internal test';","                }","                break;","            // custom-case","            default:","                break;","            }","            if (document.querySelector('#inputTextareaEval1') && (!event || (event &&","                    event.currentTarget &&","                    event.currentTarget.className &&","                    event.currentTarget.className.includes &&","                    event.currentTarget.className.includes('oneval')))) {","                // try to eval input-code","                try {","                    /*jslint evil: true*/","                    eval(document.querySelector('#inputTextareaEval1').value);","                } catch (errorCaught) {","                    console.error(errorCaught);","                }","            }","        };","        // log stderr and stdout to #outputTextareaStdout1","        ['error', 'log'].forEach(function (key) {","            console[key + '_original'] = console[key];","            console[key] = function () {","                var element;","                console[key + '_original'].apply(console, arguments);","                element = document.querySelector('#outputTextareaStdout1');","                if (!element) {","                    return;","                }","                // append text to #outputTextareaStdout1","                element.value += Array.from(arguments).map(function (arg) {","                    return typeof arg === 'string'","                        ? arg","                        : JSON.stringify(arg, null, 4);","                }).join(' ') + '\\n';","                // scroll textarea to bottom","                element.scrollTop = element.scrollHeight;","            };","        });","        // init event-handling","        ['change', 'click', 'keyup'].forEach(function (event) {","            Array.from(document.querySelectorAll('.on' + event)).forEach(function (element) {","                element.addEventListener(event, local.testRunBrowser);","            });","        });","        // run tests","        local.testRunBrowser();","        break;","","","","    // run node js-env code - post-init","    /* istanbul ignore next */","    case 'node':","        // export local","        module.exports = local;","        // require modules","        local.fs = require('fs');","        local.http = require('http');","        local.url = require('url');","        // init assets","        local.assetsDict = local.assetsDict || {};","        /* jslint-ignore-begin */","        local.assetsDict['/assets.index.template.html'] = '\\","<!doctype html>\\n\\","<html lang=\"en\">\\n\\","<head>\\n\\","<meta charset=\"UTF-8\">\\n\\","<meta name=\"viewport\" content=\"width=device-width, initial-scale=1\">\\n\\","<title>{{env.npm_package_name}} (v{{env.npm_package_version}})</title>\\n\\","<style>\\n\\","/*csslint\\n\\","    box-sizing: false,\\n\\","    universal-selector: false\\n\\","*/\\n\\","* {\\n\\","    box-sizing: border-box;\\n\\","}\\n\\","body {\\n\\","    background: #dde;\\n\\","    font-family: Arial, Helvetica, sans-serif;\\n\\","    margin: 2rem;\\n\\","}\\n\\","body > * {\\n\\","    margin-bottom: 1rem;\\n\\","}\\n\\",".utility2FooterDiv {\\n\\","    margin-top: 20px;\\n\\","    text-align: center;\\n\\","}\\n\\","</style>\\n\\","<style>\\n\\","/*csslint\\n\\","*/\\n\\","textarea {\\n\\","    font-family: monospace;\\n\\","    height: 10rem;\\n\\","    width: 100%;\\n\\","}\\n\\","textarea[readonly] {\\n\\","    background: #ddd;\\n\\","}\\n\\","</style>\\n\\","</head>\\n\\","<body>\\n\\","<!-- utility2-comment\\n\\","<div id=\"ajaxProgressDiv1\" style=\"background: #d00; height: 2px; left: 0; margin: 0; padding: 0; position: fixed; top: 0; transition: background 0.5s, width 1.5s; width: 25%;\"></div>\\n\\","utility2-comment -->\\n\\","<h1>\\n\\","<!-- utility2-comment\\n\\","    <a\\n\\","        {{#if env.npm_package_homepage}}\\n\\","        href=\"{{env.npm_package_homepage}}\"\\n\\","        {{/if env.npm_package_homepage}}\\n\\","        target=\"_blank\"\\n\\","    >\\n\\","utility2-comment -->\\n\\","        {{env.npm_package_name}} (v{{env.npm_package_version}})\\n\\","<!-- utility2-comment\\n\\","    </a>\\n\\","utility2-comment -->\\n\\","</h1>\\n\\","<h3>{{env.npm_package_description}}</h3>\\n\\","<!-- utility2-comment\\n\\","<h4><a download href=\"assets.app.js\">download standalone app</a></h4>\\n\\","<button class=\"onclick onreset\" id=\"testRunButton1\">run internal test</button><br>\\n\\","<div id=\"testReportDiv1\" style=\"display: none;\"></div>\\n\\","utility2-comment -->\\n\\","\\n\\","\\n\\","\\n\\","<label>stderr and stdout</label>\\n\\","<textarea class=\"resettable\" id=\"outputTextareaStdout1\" readonly></textarea>\\n\\","<!-- utility2-comment\\n\\","{{#if isRollup}}\\n\\","<script src=\"assets.app.js\"></script>\\n\\","{{#unless isRollup}}\\n\\","utility2-comment -->\\n\\","<script src=\"assets.utility2.rollup.js\"></script>\\n\\","<script src=\"jsonp.utility2._stateInit?callback=window.utility2._stateInit\"></script>\\n\\","<script src=\"assets.npmtest_jsreport.rollup.js\"></script>\\n\\","<script src=\"assets.example.js\"></script>\\n\\","<script src=\"assets.test.js\"></script>\\n\\","<!-- utility2-comment\\n\\","{{/if isRollup}}\\n\\","utility2-comment -->\\n\\","<div class=\"utility2FooterDiv\">\\n\\","    [ this app was created with\\n\\","    <a href=\"https://github.com/kaizhu256/node-utility2\" target=\"_blank\">utility2</a>\\n\\","    ]\\n\\","</div>\\n\\","</body>\\n\\","</html>\\n\\","';","        /* jslint-ignore-end */","        if (local.templateRender) {","            local.assetsDict['/'] = local.templateRender(","                local.assetsDict['/assets.index.template.html'],","                {","                    env: local.objectSetDefault(local.env, {","                        npm_package_description: 'the greatest app in the world!',","                        npm_package_name: 'my-app',","                        npm_package_nameAlias: 'my_app',","                        npm_package_version: '0.0.1'","                    })","                }","            );","        } else {","            local.assetsDict['/'] = local.assetsDict['/assets.index.template.html']","                .replace((/\\{\\{env\\.(\\w+?)\\}\\}/g), function (match0, match1) {","                    // jslint-hack","                    String(match0);","                    switch (match1) {","                    case 'npm_package_description':","                        return 'the greatest app in the world!';","                    case 'npm_package_name':","                        return 'my-app';","                    case 'npm_package_nameAlias':","                        return 'my_app';","                    case 'npm_package_version':","                        return '0.0.1';","                    }","                });","        }","        // run the cli","        if (local.global.utility2_rollup || module !== require.main) {","            break;","        }","        local.assetsDict['/assets.example.js'] =","            local.assetsDict['/assets.example.js'] ||","            local.fs.readFileSync(__filename, 'utf8');","        // bug-workaround - long $npm_package_buildCustomOrg","        /* jslint-ignore-begin */","        local.assetsDict['/assets.npmtest_jsreport.rollup.js'] =","            local.assetsDict['/assets.npmtest_jsreport.rollup.js'] ||","            local.fs.readFileSync(","                local.npmtest_jsreport.__dirname + '/lib.npmtest_jsreport.js',","                'utf8'","            ).replace((/^#!/), '//');","        /* jslint-ignore-end */","        local.assetsDict['/favicon.ico'] = local.assetsDict['/favicon.ico'] || '';","        // if $npm_config_timeout_exit exists,","        // then exit this process after $npm_config_timeout_exit ms","        if (Number(process.env.npm_config_timeout_exit)) {","            setTimeout(process.exit, Number(process.env.npm_config_timeout_exit));","        }","        // start server","        if (local.global.utility2_serverHttp1) {","            break;","        }","        process.env.PORT = process.env.PORT || '8081';","        console.error('server starting on port ' + process.env.PORT);","        local.http.createServer(function (request, response) {","            request.urlParsed = local.url.parse(request.url);","            if (local.assetsDict[request.urlParsed.pathname] !== undefined) {","                response.end(local.assetsDict[request.urlParsed.pathname]);","                return;","            }","            response.statusCode = 404;","            response.end();","        }).listen(process.env.PORT);","        break;","    }","}());",""],"l":{"26":2,"28":2,"33":2,"35":2,"37":2,"38":2,"39":2,"44":1,"51":2,"55":2,"59":2,"61":2,"69":1,"70":2,"76":2,"79":2,"82":2,"83":2,"85":1,"89":2,"92":1,"93":1,"94":1,"96":1,"97":1,"100":1,"101":1,"103":1,"106":1,"108":2,"114":1,"116":1,"118":1,"123":1,"124":2,"125":2,"126":3,"127":3,"128":3,"129":3,"130":1,"133":3,"134":3,"139":3,"143":1,"144":3,"145":1,"149":1,"150":1,"158":1,"160":1,"161":1,"162":1,"164":1,"166":1,"258":1,"259":1,"271":1,"274":6,"275":6,"277":1,"279":2,"281":1,"283":2,"288":1,"289":1,"291":1,"296":1,"303":1,"306":1,"307":1,"310":1,"311":1,"313":1,"314":1,"315":1,"316":1,"317":1,"318":1,"319":1,"321":1,"322":1,"324":1}},"/home/travis/build/npmtest/node-npmtest-jsreport/node_modules/jsreport/index.js":{"path":"/home/travis/build/npmtest/node-npmtest-jsreport/node_modules/jsreport/index.js","s":{"1":1,"2":1,"3":1,"4":1,"5":1,"6":1,"7":1,"8":1,"9":1,"10":1,"11":1,"12":0,"13":0,"14":0,"15":0,"16":0,"17":0,"18":0,"19":1,"20":0,"21":0,"22":0,"23":0,"24":0,"25":0,"26":0,"27":0,"28":1,"29":0,"30":1,"31":0,"32":0,"33":0,"34":0,"35":0,"36":1,"37":0,"38":0,"39":0,"40":1,"41":1,"42":1,"43":1,"44":1,"45":1},"b":{"1":[0,0],"2":[0,0],"3":[0,0],"4":[0,0],"5":[0,0],"6":[0,1],"7":[0,0]},"f":{"1":0,"2":0,"3":0,"4":0,"5":0,"6":0,"7":0,"8":0,"9":0},"fnMap":{"1":{"name":"ensureTempFolder","line":25,"loc":{"start":{"line":25,"column":0},"end":{"line":25,"column":29}}},"2":{"name":"render","line":39,"loc":{"start":{"line":39,"column":0},"end":{"line":39,"column":22}}},"3":{"name":"(anonymous_3)","line":50,"loc":{"start":{"line":50,"column":44},"end":{"line":50,"column":56}}},"4":{"name":"extendDefaults","line":58,"loc":{"start":{"line":58,"column":0},"end":{"line":58,"column":33}}},"5":{"name":"(anonymous_5)","line":66,"loc":{"start":{"line":66,"column":145},"end":{"line":66,"column":157}}},"6":{"name":"(anonymous_6)","line":72,"loc":{"start":{"line":72,"column":13},"end":{"line":72,"column":30}}},"7":{"name":"(anonymous_7)","line":76,"loc":{"start":{"line":76,"column":107},"end":{"line":76,"column":119}}},"8":{"name":"(anonymous_8)","line":82,"loc":{"start":{"line":82,"column":13},"end":{"line":82,"column":30}}},"9":{"name":"(anonymous_9)","line":88,"loc":{"start":{"line":88,"column":19},"end":{"line":88,"column":38}}}},"statementMap":{"1":{"start":{"line":5,"column":0},"end":{"line":5,"column":35}},"2":{"start":{"line":6,"column":0},"end":{"line":6,"column":22}},"3":{"start":{"line":7,"column":0},"end":{"line":7,"column":26}},"4":{"start":{"line":8,"column":0},"end":{"line":8,"column":35}},"5":{"start":{"line":9,"column":0},"end":{"line":9,"column":29}},"6":{"start":{"line":10,"column":0},"end":{"line":10,"column":67}},"7":{"start":{"line":11,"column":0},"end":{"line":11,"column":71}},"8":{"start":{"line":12,"column":0},"end":{"line":12,"column":43}},"9":{"start":{"line":13,"column":0},"end":{"line":13,"column":32}},"10":{"start":{"line":15,"column":0},"end":{"line":23,"column":1}},"11":{"start":{"line":25,"column":0},"end":{"line":37,"column":1}},"12":{"start":{"line":26,"column":2},"end":{"line":28,"column":3}},"13":{"start":{"line":27,"column":4},"end":{"line":27,"column":10}},"14":{"start":{"line":30,"column":2},"end":{"line":30,"column":78}},"15":{"start":{"line":32,"column":2},"end":{"line":36,"column":3}},"16":{"start":{"line":33,"column":4},"end":{"line":33,"column":46}},"17":{"start":{"line":35,"column":4},"end":{"line":35,"column":36}},"18":{"start":{"line":35,"column":29},"end":{"line":35,"column":36}},"19":{"start":{"line":39,"column":0},"end":{"line":56,"column":1}},"20":{"start":{"line":40,"column":2},"end":{"line":44,"column":3}},"21":{"start":{"line":41,"column":4},"end":{"line":43,"column":5}},"22":{"start":{"line":46,"column":2},"end":{"line":53,"column":3}},"23":{"start":{"line":47,"column":4},"end":{"line":47,"column":22}},"24":{"start":{"line":48,"column":4},"end":{"line":48,"column":119}},"25":{"start":{"line":50,"column":4},"end":{"line":52,"column":6}},"26":{"start":{"line":51,"column":6},"end":{"line":51,"column":47}},"27":{"start":{"line":55,"column":2},"end":{"line":55,"column":43}},"28":{"start":{"line":58,"column":0},"end":{"line":60,"column":1}},"29":{"start":{"line":59,"column":2},"end":{"line":59,"column":45}},"30":{"start":{"line":62,"column":0},"end":{"line":100,"column":1}},"31":{"start":{"line":63,"column":2},"end":{"line":86,"column":24}},"32":{"start":{"line":67,"column":6},"end":{"line":74,"column":8}},"33":{"start":{"line":73,"column":8},"end":{"line":73,"column":28}},"34":{"start":{"line":77,"column":6},"end":{"line":84,"column":8}},"35":{"start":{"line":83,"column":8},"end":{"line":83,"column":28}},"36":{"start":{"line":88,"column":2},"end":{"line":92,"column":3}},"37":{"start":{"line":89,"column":4},"end":{"line":89,"column":27}},"38":{"start":{"line":90,"column":4},"end":{"line":90,"column":72}},"39":{"start":{"line":91,"column":4},"end":{"line":91,"column":24}},"40":{"start":{"line":94,"column":2},"end":{"line":94,"column":41}},"41":{"start":{"line":95,"column":2},"end":{"line":95,"column":48}},"42":{"start":{"line":96,"column":2},"end":{"line":96,"column":32}},"43":{"start":{"line":97,"column":2},"end":{"line":97,"column":48}},"44":{"start":{"line":98,"column":2},"end":{"line":98,"column":50}},"45":{"start":{"line":99,"column":2},"end":{"line":99,"column":28}}},"branchMap":{"1":{"line":26,"type":"if","locations":[{"start":{"line":26,"column":2},"end":{"line":26,"column":2}},{"start":{"line":26,"column":2},"end":{"line":26,"column":2}}]},"2":{"line":35,"type":"if","locations":[{"start":{"line":35,"column":4},"end":{"line":35,"column":4}},{"start":{"line":35,"column":4},"end":{"line":35,"column":4}}]},"3":{"line":40,"type":"if","locations":[{"start":{"line":40,"column":2},"end":{"line":40,"column":2}},{"start":{"line":40,"column":2},"end":{"line":40,"column":2}}]},"4":{"line":46,"type":"if","locations":[{"start":{"line":46,"column":2},"end":{"line":46,"column":2}},{"start":{"line":46,"column":2},"end":{"line":46,"column":2}}]},"5":{"line":48,"type":"binary-expr","locations":[{"start":{"line":48,"column":43},"end":{"line":48,"column":79}},{"start":{"line":48,"column":83},"end":{"line":48,"column":119}}]},"6":{"line":62,"type":"if","locations":[{"start":{"line":62,"column":0},"end":{"line":62,"column":0}},{"start":{"line":62,"column":0},"end":{"line":62,"column":0}}]},"7":{"line":89,"type":"binary-expr","locations":[{"start":{"line":89,"column":14},"end":{"line":89,"column":21}},{"start":{"line":89,"column":25},"end":{"line":89,"column":27}}]}},"code":["/*!"," * Copyright(c) 2014 Jan Blaha"," */","","var extend = require('node.extend')","var fs = require('fs')","var path = require('path')","var core = require('jsreport-core')","var _ = require('underscore')","var initHandler = require('jsreport-cli/lib/commands/init').handler","var repairHandler = require('jsreport-cli/lib/commands/repair').handler","var packageJson = require('./package.json')","var main = require('./lib/main')","","var renderDefaults = {","  connectionString: {name: 'memory'},","  dataDirectory: path.join(__dirname, '../../', 'data'),","  blobStorage: 'inMemory',","  cacheAvailableExtensions: true,","  logger: {providerName: 'dummy'},","  rootDirectory: path.join(__dirname, '../../'),","  extensions: ['templates', 'data', 'phantom-pdf', 'jsrender', 'handlebars', 'fop-pdf', 'html-to-xlsx', 'jsrender', 'scripts', 'text', 'xlsx', 'assets']","}","","function ensureTempFolder () {","  if (renderDefaults.tempDirectory) {","    return","  }","","  renderDefaults.tempDirectory = path.join(require('os').tmpdir(), 'jsreport')","","  try {","    fs.mkdirSync(renderDefaults.tempDirectory)","  } catch (e) {","    if (e.code !== 'EEXIST') throw e","  }","}","","function render (req) {","  if (_.isString(req)) {","    req = {","      template: {content: req, engine: 'handlebars', recipe: 'phantom-pdf'}","    }","  }","","  if (!core.Reporter.instance) {","    ensureTempFolder()","    renderDefaults.parentModuleDirectory = renderDefaults.parentModuleDirectory || path.dirname(module.parent.filename)","","    return main(renderDefaults).init().then(function () {","      return core.Reporter.instance.render(req)","    })","  }","","  return core.Reporter.instance.render(req)","}","","function extendDefaults (config) {","  return extend(true, renderDefaults, config)","}","","if (require.main === module) {","  require('commander')","    .version(packageJson.version)","    .usage('[options]')","    .option('-i, --init', 'Initialize server.js, config.json and package.json of application and starts it. For windows also installs service.', function () {","      initHandler({","        context: {","          cwd: process.cwd()","        }","      })","      .catch(function (error) {","        console.error(error)","      })","    })","    .option('-r, --repair', 'Recreate server.js, config.json and package.json of application to default.', function () {","      repairHandler({","        context: {","          cwd: process.cwd()","        }","      })","      .catch(function (error) {","        console.error(error)","      })","    })","    .parse(process.argv)","} else {","  module.exports = function (options) {","    options = options || {}","    options.parentModuleDirectory = path.dirname(module.parent.filename)","    return main(options)","  }","","  module.exports.Reporter = core.Reporter","  module.exports.renderDefaults = renderDefaults","  module.exports.render = render","  module.exports.extendDefaults = extendDefaults","  module.exports.reporter = core.Reporter.instance","  module.exports.core = core","}",""],"l":{"5":1,"6":1,"7":1,"8":1,"9":1,"10":1,"11":1,"12":1,"13":1,"15":1,"25":1,"26":0,"27":0,"30":0,"32":0,"33":0,"35":0,"39":1,"40":0,"41":0,"46":0,"47":0,"48":0,"50":0,"51":0,"55":0,"58":1,"59":0,"62":1,"63":0,"67":0,"73":0,"77":0,"83":0,"88":1,"89":0,"90":0,"91":0,"94":1,"95":1,"96":1,"97":1,"98":1,"99":1}},"/home/travis/build/npmtest/node-npmtest-jsreport/node_modules/jsreport-core/index.js":{"path":"/home/travis/build/npmtest/node-npmtest-jsreport/node_modules/jsreport-core/index.js","s":{"1":1,"2":1,"3":1,"4":0,"5":0,"6":0,"7":1},"b":{"1":[0,0],"2":[0,0]},"f":{"1":0},"fnMap":{"1":{"name":"(anonymous_1)","line":4,"loc":{"start":{"line":4,"column":17},"end":{"line":4,"column":36}}}},"statementMap":{"1":{"start":{"line":1,"column":0},"end":{"line":1,"column":43}},"2":{"start":{"line":2,"column":0},"end":{"line":2,"column":26}},"3":{"start":{"line":4,"column":0},"end":{"line":10,"column":1}},"4":{"start":{"line":5,"column":2},"end":{"line":5,"column":25}},"5":{"start":{"line":7,"column":2},"end":{"line":7,"column":103}},"6":{"start":{"line":9,"column":2},"end":{"line":9,"column":30}},"7":{"start":{"line":12,"column":0},"end":{"line":12,"column":34}}},"branchMap":{"1":{"line":5,"type":"binary-expr","locations":[{"start":{"line":5,"column":12},"end":{"line":5,"column":19}},{"start":{"line":5,"column":23},"end":{"line":5,"column":25}}]},"2":{"line":7,"type":"binary-expr","locations":[{"start":{"line":7,"column":34},"end":{"line":7,"column":63}},{"start":{"line":7,"column":67},"end":{"line":7,"column":103}}]}},"code":["var Reporter = require('./lib/reporter.js')","var path = require('path')","","module.exports = function (options) {","  options = options || {}","","  options.parentModuleDirectory = options.parentModuleDirectory || path.dirname(module.parent.filename)","","  return new Reporter(options)","}","","module.exports.Reporter = Reporter",""],"l":{"1":1,"2":1,"4":1,"5":0,"7":0,"9":0,"12":1}},"/home/travis/build/npmtest/node-npmtest-jsreport/node_modules/jsreport-core/lib/reporter.js":{"path":"/home/travis/build/npmtest/node-npmtest-jsreport/node_modules/jsreport-core/lib/reporter.js","s":{"1":1,"2":1,"3":1,"4":1,"5":1,"6":1,"7":1,"8":1,"9":1,"10":1,"11":1,"12":1,"13":1,"14":1,"15":1,"16":1,"17":1,"18":1,"19":1,"20":1,"21":1,"22":1,"23":1,"24":0,"25":0,"26":0,"27":0,"28":0,"29":0,"30":0,"31":0,"32":0,"33":0,"34":0,"35":0,"36":0,"37":0,"38":0,"39":0,"40":0,"41":0,"42":0,"43":0,"44":1,"45":1,"46":0,"47":0,"48":0,"49":0,"50":0,"51":0,"52":0,"53":0,"54":0,"55":0,"56":0,"57":0,"58":0,"59":0,"60":0,"61":0,"62":0,"63":0,"64":0,"65":0,"66":0,"67":0,"68":0,"69":0,"70":0,"71":0,"72":0,"73":0,"74":0,"75":1,"76":0,"77":0,"78":1,"79":0,"80":0,"81":1,"82":0,"83":1,"84":0,"85":0,"86":0,"87":1,"88":0,"89":0,"90":0,"91":0,"92":0,"93":0,"94":0,"95":0,"96":0,"97":0,"98":0,"99":0,"100":0,"101":0,"102":0,"103":0,"104":0,"105":0,"106":0,"107":0,"108":0,"109":1,"110":0,"111":0,"112":1,"113":0,"114":1,"115":0,"116":0,"117":0,"118":0,"119":0,"120":0,"121":0,"122":0,"123":0,"124":0,"125":1,"126":0,"127":0,"128":0,"129":0,"130":0,"131":0,"132":0,"133":0,"134":0,"135":0,"136":0,"137":0,"138":0,"139":0,"140":0,"141":0,"142":0,"143":0,"144":1,"145":0,"146":0,"147":0,"148":0,"149":0,"150":0,"151":0,"152":0,"153":0,"154":0,"155":0,"156":0,"157":0,"158":0,"159":0,"160":0,"161":0,"162":0,"163":0,"164":0,"165":0,"166":0,"167":0,"168":0,"169":0,"170":0,"171":0,"172":0,"173":0,"174":0,"175":0,"176":0,"177":0,"178":0,"179":1,"180":0,"181":0,"182":0,"183":0,"184":0,"185":0,"186":0,"187":0,"188":0,"189":0,"190":0,"191":0,"192":0,"193":0,"194":0,"195":0,"196":0,"197":0,"198":0,"199":0,"200":0,"201":0,"202":0,"203":0,"204":0,"205":1,"206":1,"207":0,"208":0,"209":0,"210":0,"211":0,"212":0,"213":0,"214":0,"215":0,"216":0,"217":0,"218":0,"219":0,"220":0,"221":0,"222":0,"223":1,"224":0,"225":0,"226":0,"227":1},"b":{"1":[0,0],"2":[0,0],"3":[0,0],"4":[0,0],"5":[0,0],"6":[0,0],"7":[0,0],"8":[0,0],"9":[0,0],"10":[0,0],"11":[0,0],"12":[0,0],"13":[0,0],"14":[0,0],"15":[0,0],"16":[0,0],"17":[0,0],"18":[0,0],"19":[0,0],"20":[0,0],"21":[0,0],"22":[0,0],"23":[0,0],"24":[0,0],"25":[0,0],"26":[0,0],"27":[0,0],"28":[0,0],"29":[0,0],"30":[0,0],"31":[0,0],"32":[0,0],"33":[0,0],"34":[0,0],"35":[0,0],"36":[0,0,0],"37":[0,0],"38":[0,0],"39":[0,0],"40":[0,0],"41":[0,0],"42":[0,0],"43":[0,0],"44":[0,0],"45":[0,0],"46":[0,0],"47":[0,0],"48":[0,0],"49":[0,0],"50":[0,0],"51":[0,0],"52":[0,0],"53":[0,0],"54":[0,0],"55":[0,0],"56":[0,0],"57":[0,0],"58":[0,0],"59":[0,0],"60":[0,0],"61":[0,0],"62":[0,0],"63":[0,0],"64":[0,0]},"f":{"1":0,"2":0,"3":0,"4":0,"5":0,"6":0,"7":0,"8":0,"9":0,"10":0,"11":0,"12":0,"13":0,"14":0,"15":0,"16":0,"17":0,"18":0,"19":0,"20":0,"21":0,"22":0,"23":0,"24":0,"25":0,"26":0,"27":0,"28":0,"29":0,"30":0,"31":0,"32":0,"33":0,"34":0,"35":0,"36":0,"37":0,"38":0,"39":0,"40":0,"41":0,"42":0,"43":0,"44":0},"fnMap":{"1":{"name":"Reporter","line":30,"loc":{"start":{"line":30,"column":0},"end":{"line":30,"column":28}}},"2":{"name":"(anonymous_2)","line":52,"loc":{"start":{"line":52,"column":30},"end":{"line":52,"column":42}}},"3":{"name":"(anonymous_3)","line":57,"loc":{"start":{"line":57,"column":9},"end":{"line":57,"column":21}}},"4":{"name":"(anonymous_4)","line":75,"loc":{"start":{"line":75,"column":26},"end":{"line":75,"column":38}}},"5":{"name":"(anonymous_5)","line":78,"loc":{"start":{"line":78,"column":34},"end":{"line":78,"column":46}}},"6":{"name":"(anonymous_6)","line":96,"loc":{"start":{"line":96,"column":32},"end":{"line":96,"column":44}}},"7":{"name":"(anonymous_7)","line":103,"loc":{"start":{"line":103,"column":12},"end":{"line":103,"column":24}}},"8":{"name":"(anonymous_8)","line":105,"loc":{"start":{"line":105,"column":12},"end":{"line":105,"column":24}}},"9":{"name":"(anonymous_9)","line":107,"loc":{"start":{"line":107,"column":12},"end":{"line":107,"column":24}}},"10":{"name":"(anonymous_10)","line":109,"loc":{"start":{"line":109,"column":12},"end":{"line":109,"column":24}}},"11":{"name":"(anonymous_11)","line":111,"loc":{"start":{"line":111,"column":12},"end":{"line":111,"column":24}}},"12":{"name":"(anonymous_12)","line":113,"loc":{"start":{"line":113,"column":50},"end":{"line":113,"column":62}}},"13":{"name":"(anonymous_13)","line":129,"loc":{"start":{"line":129,"column":11},"end":{"line":129,"column":24}}},"14":{"name":"(anonymous_14)","line":143,"loc":{"start":{"line":143,"column":25},"end":{"line":143,"column":46}}},"15":{"name":"(anonymous_15)","line":148,"loc":{"start":{"line":148,"column":30},"end":{"line":148,"column":42}}},"16":{"name":"(anonymous_16)","line":153,"loc":{"start":{"line":153,"column":46},"end":{"line":153,"column":58}}},"17":{"name":"(anonymous_17)","line":166,"loc":{"start":{"line":166,"column":28},"end":{"line":166,"column":47}}},"18":{"name":"(anonymous_18)","line":178,"loc":{"start":{"line":178,"column":34},"end":{"line":178,"column":46}}},"19":{"name":"(anonymous_19)","line":188,"loc":{"start":{"line":188,"column":32},"end":{"line":188,"column":44}}},"20":{"name":"(anonymous_20)","line":192,"loc":{"start":{"line":192,"column":10},"end":{"line":192,"column":22}}},"21":{"name":"(anonymous_21)","line":194,"loc":{"start":{"line":194,"column":10},"end":{"line":194,"column":22}}},"22":{"name":"(anonymous_22)","line":219,"loc":{"start":{"line":219,"column":39},"end":{"line":219,"column":53}}},"23":{"name":"(anonymous_23)","line":229,"loc":{"start":{"line":229,"column":33},"end":{"line":229,"column":45}}},"24":{"name":"getConfigFile","line":232,"loc":{"start":{"line":232,"column":2},"end":{"line":232,"column":28}}},"25":{"name":"(anonymous_25)","line":260,"loc":{"start":{"line":260,"column":34},"end":{"line":260,"column":46}}},"26":{"name":"(anonymous_26)","line":270,"loc":{"start":{"line":270,"column":48},"end":{"line":270,"column":63}}},"27":{"name":"(anonymous_27)","line":303,"loc":{"start":{"line":303,"column":49},"end":{"line":303,"column":72}}},"28":{"name":"(anonymous_28)","line":317,"loc":{"start":{"line":317,"column":34},"end":{"line":317,"column":56}}},"29":{"name":"(anonymous_29)","line":403,"loc":{"start":{"line":403,"column":43},"end":{"line":403,"column":55}}},"30":{"name":"(anonymous_30)","line":409,"loc":{"start":{"line":409,"column":29},"end":{"line":409,"column":76}}},"31":{"name":"(anonymous_31)","line":410,"loc":{"start":{"line":410,"column":25},"end":{"line":410,"column":52}}},"32":{"name":"(anonymous_32)","line":411,"loc":{"start":{"line":411,"column":70},"end":{"line":411,"column":90}}},"33":{"name":"(anonymous_33)","line":425,"loc":{"start":{"line":425,"column":28},"end":{"line":425,"column":67}}},"34":{"name":"(anonymous_34)","line":426,"loc":{"start":{"line":426,"column":25},"end":{"line":426,"column":52}}},"35":{"name":"(anonymous_35)","line":427,"loc":{"start":{"line":427,"column":61},"end":{"line":427,"column":81}}},"36":{"name":"(anonymous_36)","line":441,"loc":{"start":{"line":441,"column":30},"end":{"line":441,"column":69}}},"37":{"name":"(anonymous_37)","line":442,"loc":{"start":{"line":442,"column":25},"end":{"line":442,"column":52}}},"38":{"name":"(anonymous_38)","line":443,"loc":{"start":{"line":443,"column":63},"end":{"line":443,"column":83}}},"39":{"name":"(anonymous_39)","line":461,"loc":{"start":{"line":461,"column":34},"end":{"line":461,"column":46}}},"40":{"name":"(anonymous_40)","line":480,"loc":{"start":{"line":480,"column":15},"end":{"line":480,"column":37}}},"41":{"name":"(anonymous_41)","line":486,"loc":{"start":{"line":486,"column":14},"end":{"line":486,"column":26}}},"42":{"name":"(anonymous_42)","line":487,"loc":{"start":{"line":487,"column":17},"end":{"line":487,"column":39}}},"43":{"name":"silentLogs","line":495,"loc":{"start":{"line":495,"column":0},"end":{"line":495,"column":29}}},"44":{"name":"(anonymous_44)","line":497,"loc":{"start":{"line":497,"column":43},"end":{"line":497,"column":68}}}},"statementMap":{"1":{"start":{"line":7,"column":0},"end":{"line":7,"column":30}},"2":{"start":{"line":8,"column":0},"end":{"line":8,"column":26}},"3":{"start":{"line":9,"column":0},"end":{"line":9,"column":26}},"4":{"start":{"line":10,"column":0},"end":{"line":10,"column":55}},"5":{"start":{"line":11,"column":0},"end":{"line":11,"column":33}},"6":{"start":{"line":12,"column":0},"end":{"line":12,"column":22}},"7":{"start":{"line":13,"column":0},"end":{"line":13,"column":22}},"8":{"start":{"line":14,"column":0},"end":{"line":14,"column":29}},"9":{"start":{"line":15,"column":0},"end":{"line":15,"column":35}},"10":{"start":{"line":16,"column":0},"end":{"line":16,"column":44}},"11":{"start":{"line":17,"column":0},"end":{"line":17,"column":68}},"12":{"start":{"line":18,"column":0},"end":{"line":18,"column":55}},"13":{"start":{"line":19,"column":0},"end":{"line":19,"column":28}},"14":{"start":{"line":20,"column":0},"end":{"line":20,"column":30}},"15":{"start":{"line":21,"column":0},"end":{"line":21,"column":32}},"16":{"start":{"line":22,"column":0},"end":{"line":22,"column":28}},"17":{"start":{"line":23,"column":0},"end":{"line":23,"column":45}},"18":{"start":{"line":24,"column":0},"end":{"line":24,"column":53}},"19":{"start":{"line":25,"column":0},"end":{"line":25,"column":39}},"20":{"start":{"line":26,"column":0},"end":{"line":26,"column":47}},"21":{"start":{"line":27,"column":0},"end":{"line":27,"column":38}},"22":{"start":{"line":28,"column":0},"end":{"line":28,"column":47}},"23":{"start":{"line":30,"column":0},"end":{"line":65,"column":1}},"24":{"start":{"line":31,"column":2},"end":{"line":31,"column":30}},"25":{"start":{"line":32,"column":2},"end":{"line":32,"column":26}},"26":{"start":{"line":33,"column":2},"end":{"line":33,"column":32}},"27":{"start":{"line":40,"column":2},"end":{"line":40,"column":32}},"28":{"start":{"line":42,"column":2},"end":{"line":42,"column":53}},"29":{"start":{"line":43,"column":2},"end":{"line":43,"column":55}},"30":{"start":{"line":44,"column":2},"end":{"line":44,"column":54}},"31":{"start":{"line":45,"column":2},"end":{"line":45,"column":54}},"32":{"start":{"line":46,"column":2},"end":{"line":46,"column":73}},"33":{"start":{"line":47,"column":2},"end":{"line":47,"column":57}},"34":{"start":{"line":48,"column":2},"end":{"line":48,"column":51}},"35":{"start":{"line":49,"column":2},"end":{"line":49,"column":32}},"36":{"start":{"line":50,"column":2},"end":{"line":50,"column":54}},"37":{"start":{"line":51,"column":2},"end":{"line":51,"column":21}},"38":{"start":{"line":52,"column":2},"end":{"line":53,"column":3}},"39":{"start":{"line":55,"column":2},"end":{"line":55,"column":17}},"40":{"start":{"line":56,"column":2},"end":{"line":64,"column":4}},"41":{"start":{"line":58,"column":6},"end":{"line":60,"column":7}},"42":{"start":{"line":59,"column":8},"end":{"line":59,"column":93}},"43":{"start":{"line":62,"column":6},"end":{"line":62,"column":37}},"44":{"start":{"line":67,"column":0},"end":{"line":67,"column":44}},"45":{"start":{"line":75,"column":0},"end":{"line":133,"column":1}},"46":{"start":{"line":76,"column":2},"end":{"line":76,"column":17}},"47":{"start":{"line":78,"column":2},"end":{"line":132,"column":4}},"48":{"start":{"line":79,"column":4},"end":{"line":81,"column":5}},"49":{"start":{"line":80,"column":6},"end":{"line":80,"column":29}},"50":{"start":{"line":83,"column":4},"end":{"line":83,"column":194}},"51":{"start":{"line":85,"column":4},"end":{"line":87,"column":5}},"52":{"start":{"line":86,"column":6},"end":{"line":86,"column":169}},"53":{"start":{"line":89,"column":4},"end":{"line":89,"column":94}},"54":{"start":{"line":90,"column":4},"end":{"line":90,"column":93}},"55":{"start":{"line":92,"column":4},"end":{"line":92,"column":52}},"56":{"start":{"line":94,"column":4},"end":{"line":94,"column":100}},"57":{"start":{"line":96,"column":4},"end":{"line":128,"column":6}},"58":{"start":{"line":97,"column":6},"end":{"line":99,"column":7}},"59":{"start":{"line":98,"column":8},"end":{"line":98,"column":94}},"60":{"start":{"line":100,"column":6},"end":{"line":102,"column":7}},"61":{"start":{"line":101,"column":8},"end":{"line":101,"column":96}},"62":{"start":{"line":104,"column":6},"end":{"line":104,"column":42}},"63":{"start":{"line":106,"column":6},"end":{"line":106,"column":32}},"64":{"start":{"line":108,"column":6},"end":{"line":108,"column":38}},"65":{"start":{"line":110,"column":6},"end":{"line":110,"column":51}},"66":{"start":{"line":112,"column":6},"end":{"line":112,"column":34}},"67":{"start":{"line":113,"column":6},"end":{"line":127,"column":8}},"68":{"start":{"line":114,"column":8},"end":{"line":117,"column":10}},"69":{"start":{"line":119,"column":8},"end":{"line":122,"column":10}},"70":{"start":{"line":124,"column":8},"end":{"line":124,"column":48}},"71":{"start":{"line":125,"column":8},"end":{"line":125,"column":32}},"72":{"start":{"line":126,"column":8},"end":{"line":126,"column":19}},"73":{"start":{"line":130,"column":4},"end":{"line":130,"column":70}},"74":{"start":{"line":131,"column":4},"end":{"line":131,"column":28}},"75":{"start":{"line":143,"column":0},"end":{"line":146,"column":1}},"76":{"start":{"line":144,"column":2},"end":{"line":144,"column":39}},"77":{"start":{"line":145,"column":2},"end":{"line":145,"column":13}},"78":{"start":{"line":148,"column":0},"end":{"line":151,"column":1}},"79":{"start":{"line":149,"column":2},"end":{"line":149,"column":30}},"80":{"start":{"line":150,"column":2},"end":{"line":150,"column":13}},"81":{"start":{"line":153,"column":0},"end":{"line":155,"column":1}},"82":{"start":{"line":154,"column":2},"end":{"line":154,"column":33}},"83":{"start":{"line":166,"column":0},"end":{"line":171,"column":1}},"84":{"start":{"line":167,"column":2},"end":{"line":169,"column":3}},"85":{"start":{"line":168,"column":4},"end":{"line":168,"column":94}},"86":{"start":{"line":170,"column":2},"end":{"line":170,"column":30}},"87":{"start":{"line":178,"column":0},"end":{"line":210,"column":1}},"88":{"start":{"line":179,"column":2},"end":{"line":179,"column":17}},"89":{"start":{"line":181,"column":2},"end":{"line":181,"column":94}},"90":{"start":{"line":182,"column":2},"end":{"line":182,"column":77}},"91":{"start":{"line":183,"column":2},"end":{"line":183,"column":113}},"92":{"start":{"line":185,"column":2},"end":{"line":185,"column":59}},"93":{"start":{"line":186,"column":2},"end":{"line":186,"column":49}},"94":{"start":{"line":188,"column":2},"end":{"line":209,"column":4}},"95":{"start":{"line":189,"column":4},"end":{"line":191,"column":5}},"96":{"start":{"line":190,"column":6},"end":{"line":190,"column":31}},"97":{"start":{"line":193,"column":4},"end":{"line":193,"column":42}},"98":{"start":{"line":195,"column":4},"end":{"line":195,"column":59}},"99":{"start":{"line":196,"column":4},"end":{"line":196,"column":108}},"100":{"start":{"line":197,"column":4},"end":{"line":197,"column":102}},"101":{"start":{"line":198,"column":4},"end":{"line":198,"column":85}},"102":{"start":{"line":199,"column":4},"end":{"line":199,"column":49}},"103":{"start":{"line":201,"column":4},"end":{"line":201,"column":86}},"104":{"start":{"line":203,"column":4},"end":{"line":203,"column":65}},"105":{"start":{"line":204,"column":4},"end":{"line":204,"column":77}},"106":{"start":{"line":205,"column":4},"end":{"line":205,"column":65}},"107":{"start":{"line":206,"column":4},"end":{"line":206,"column":79}},"108":{"start":{"line":208,"column":4},"end":{"line":208,"column":57}},"109":{"start":{"line":219,"column":0},"end":{"line":222,"column":1}},"110":{"start":{"line":220,"column":2},"end":{"line":220,"column":32}},"111":{"start":{"line":221,"column":2},"end":{"line":221,"column":13}},"112":{"start":{"line":229,"column":0},"end":{"line":253,"column":1}},"113":{"start":{"line":230,"column":2},"end":{"line":230,"column":17}},"114":{"start":{"line":232,"column":2},"end":{"line":242,"column":3}},"115":{"start":{"line":233,"column":4},"end":{"line":235,"column":5}},"116":{"start":{"line":234,"column":6},"end":{"line":234,"column":31}},"117":{"start":{"line":237,"column":4},"end":{"line":239,"column":5}},"118":{"start":{"line":238,"column":6},"end":{"line":238,"column":31}},"119":{"start":{"line":241,"column":4},"end":{"line":241,"column":28}},"120":{"start":{"line":244,"column":2},"end":{"line":244,"column":95}},"121":{"start":{"line":246,"column":2},"end":{"line":246,"column":43}},"122":{"start":{"line":248,"column":2},"end":{"line":250,"column":3}},"123":{"start":{"line":249,"column":4},"end":{"line":249,"column":84}},"124":{"start":{"line":252,"column":2},"end":{"line":252,"column":28}},"125":{"start":{"line":260,"column":0},"end":{"line":296,"column":1}},"126":{"start":{"line":261,"column":2},"end":{"line":293,"column":3}},"127":{"start":{"line":262,"column":4},"end":{"line":262,"column":45}},"128":{"start":{"line":264,"column":4},"end":{"line":266,"column":6}},"129":{"start":{"line":268,"column":4},"end":{"line":268,"column":51}},"130":{"start":{"line":270,"column":4},"end":{"line":288,"column":6}},"131":{"start":{"line":271,"column":6},"end":{"line":271,"column":13}},"132":{"start":{"line":272,"column":6},"end":{"line":272,"column":13}},"133":{"start":{"line":274,"column":6},"end":{"line":287,"column":7}},"134":{"start":{"line":275,"column":8},"end":{"line":275,"column":36}},"135":{"start":{"line":277,"column":8},"end":{"line":281,"column":9}},"136":{"start":{"line":278,"column":10},"end":{"line":278,"column":87}},"137":{"start":{"line":280,"column":10},"end":{"line":280,"column":152}},"138":{"start":{"line":284,"column":8},"end":{"line":284,"column":49}},"139":{"start":{"line":285,"column":8},"end":{"line":285,"column":31}},"140":{"start":{"line":286,"column":8},"end":{"line":286,"column":49}},"141":{"start":{"line":290,"column":4},"end":{"line":292,"column":5}},"142":{"start":{"line":291,"column":6},"end":{"line":291,"column":57}},"143":{"start":{"line":295,"column":2},"end":{"line":295,"column":47}},"144":{"start":{"line":303,"column":0},"end":{"line":395,"column":1}},"145":{"start":{"line":304,"column":2},"end":{"line":304,"column":17}},"146":{"start":{"line":305,"column":2},"end":{"line":305,"column":36}},"147":{"start":{"line":307,"column":2},"end":{"line":313,"column":3}},"148":{"start":{"line":315,"column":2},"end":{"line":315,"column":55}},"149":{"start":{"line":317,"column":2},"end":{"line":394,"column":4}},"150":{"start":{"line":318,"column":4},"end":{"line":318,"column":28}},"151":{"start":{"line":319,"column":4},"end":{"line":319,"column":46}},"152":{"start":{"line":320,"column":4},"end":{"line":320,"column":23}},"153":{"start":{"line":322,"column":4},"end":{"line":324,"column":5}},"154":{"start":{"line":323,"column":6},"end":{"line":323,"column":12}},"155":{"start":{"line":326,"column":4},"end":{"line":331,"column":5}},"156":{"start":{"line":327,"column":6},"end":{"line":330,"column":7}},"157":{"start":{"line":333,"column":4},"end":{"line":338,"column":5}},"158":{"start":{"line":334,"column":6},"end":{"line":337,"column":7}},"159":{"start":{"line":340,"column":4},"end":{"line":342,"column":5}},"160":{"start":{"line":341,"column":6},"end":{"line":341,"column":12}},"161":{"start":{"line":344,"column":4},"end":{"line":393,"column":5}},"162":{"start":{"line":345,"column":6},"end
[...]
,"line":16,"loc":{"start":{"line":16,"column":21},"end":{"line":16,"column":48}}},"3":{"name":"(anonymous_3)","line":98,"loc":{"start":{"line":98,"column":7},"end":{"line":98,"column":24}}}},"statementMap":{"1":{"start":{"line":3,"column":0},"end":{"line":3,"column":26}},"2":{"start":{"line":4,"column":0},"end":{"line":4,"column":22}},"3":{"start":{"line":5,"column":0},"end":{"line":5,"column":33}},"4":{"start":{"line":6,"column":0},"end":{"line":6,"column":39}},"5":{"start":{"line":7,"column":0},"end":{"line":7,"column":46}},"6":{"start":{"line":9,"column":0},"end":{"line":9,"column":128}},"7":{"start":{"line":10,"column":0},"end":{"line":10,"column":27}},"8":{"start":{"line":12,"column":0},"end":{"line":12,"column":25}},"9":{"start":{"line":13,"column":0},"end":{"line":13,"column":33}},"10":{"start":{"line":15,"column":0},"end":{"line":111,"column":1}},"11":{"start":{"line":16,"column":2},"end":{"line":110,"column":4}},"12":{"start":{"line":17,"column":4},"end":{"line":17,"column":30}},"13":{"start":{"line":18,"column":4},"end":{"line":18,"column":30}},"14":{"start":{"line":19,"column":4},"end":{"line":19,"column":25}},"15":{"start":{"line":20,"column":4},"end":{"line":20,"column":47}},"16":{"start":{"line":21,"column":4},"end":{"line":21,"column":33}},"17":{"start":{"line":22,"column":4},"end":{"line":22,"column":75}},"18":{"start":{"line":23,"column":4},"end":{"line":23,"column":24}},"19":{"start":{"line":24,"column":4},"end":{"line":24,"column":17}},"20":{"start":{"line":25,"column":4},"end":{"line":25,"column":15}},"21":{"start":{"line":26,"column":4},"end":{"line":26,"column":19}},"22":{"start":{"line":27,"column":4},"end":{"line":27,"column":14}},"23":{"start":{"line":29,"column":4},"end":{"line":29,"column":42}},"24":{"start":{"line":31,"column":4},"end":{"line":39,"column":5}},"25":{"start":{"line":32,"column":6},"end":{"line":32,"column":88}},"26":{"start":{"line":33,"column":6},"end":{"line":33,"column":130}},"27":{"start":{"line":35,"column":6},"end":{"line":38,"column":8}},"28":{"start":{"line":41,"column":4},"end":{"line":43,"column":5}},"29":{"start":{"line":42,"column":6},"end":{"line":42,"column":98}},"30":{"start":{"line":45,"column":4},"end":{"line":84,"column":5}},"31":{"start":{"line":46,"column":6},"end":{"line":48,"column":7}},"32":{"start":{"line":47,"column":8},"end":{"line":47,"column":106}},"33":{"start":{"line":50,"column":6},"end":{"line":50,"column":30}},"34":{"start":{"line":52,"column":6},"end":{"line":54,"column":7}},"35":{"start":{"line":53,"column":8},"end":{"line":53,"column":106}},"36":{"start":{"line":56,"column":6},"end":{"line":56,"column":32}},"37":{"start":{"line":58,"column":6},"end":{"line":60,"column":7}},"38":{"start":{"line":59,"column":8},"end":{"line":59,"column":23}},"39":{"start":{"line":62,"column":6},"end":{"line":64,"column":7}},"40":{"start":{"line":63,"column":8},"end":{"line":63,"column":110}},"41":{"start":{"line":66,"column":6},"end":{"line":66,"column":21}},"42":{"start":{"line":67,"column":6},"end":{"line":67,"column":63}},"43":{"start":{"line":69,"column":6},"end":{"line":71,"column":7}},"44":{"start":{"line":70,"column":8},"end":{"line":70,"column":116}},"45":{"start":{"line":73,"column":6},"end":{"line":73,"column":32}},"46":{"start":{"line":75,"column":6},"end":{"line":79,"column":7}},"47":{"start":{"line":76,"column":8},"end":{"line":76,"column":23}},"48":{"start":{"line":77,"column":13},"end":{"line":79,"column":7}},"49":{"start":{"line":78,"column":8},"end":{"line":78,"column":23}},"50":{"start":{"line":81,"column":6},"end":{"line":83,"column":7}},"51":{"start":{"line":82,"column":8},"end":{"line":82,"column":144}},"52":{"start":{"line":86,"column":4},"end":{"line":86,"column":77}},"53":{"start":{"line":88,"column":4},"end":{"line":92,"column":5}},"54":{"start":{"line":89,"column":6},"end":{"line":89,"column":85}},"55":{"start":{"line":91,"column":6},"end":{"line":91,"column":71}},"56":{"start":{"line":94,"column":4},"end":{"line":109,"column":6}},"57":{"start":{"line":99,"column":6},"end":{"line":101,"column":7}},"58":{"start":{"line":100,"column":8},"end":{"line":100,"column":28}},"59":{"start":{"line":103,"column":6},"end":{"line":103,"column":62}},"60":{"start":{"line":105,"column":6},"end":{"line":108,"column":8}}},"branchMap":{"1":{"line":20,"type":"binary-expr","locations":[{"start":{"line":20,"column":22},"end":{"line":20,"column":41}},{"start":{"line":20,"column":45},"end":{"line":20,"column":47}}]},"2":{"line":31,"type":"if","locations":[{"start":{"line":31,"column":4},"end":{"line":31,"column":4}},{"start":{"line":31,"column":4},"end":{"line":31,"column":4}}]},"3":{"line":41,"type":"if","locations":[{"start":{"line":41,"column":4},"end":{"line":41,"column":4}},{"start":{"line":41,"column":4},"end":{"line":41,"column":4}}]},"4":{"line":41,"type":"binary-expr","locations":[{"start":{"line":41,"column":8},"end":{"line":41,"column":26}},{"start":{"line":41,"column":30},"end":{"line":41,"column":38}}]},"5":{"line":45,"type":"if","locations":[{"start":{"line":45,"column":4},"end":{"line":45,"column":4}},{"start":{"line":45,"column":4},"end":{"line":45,"column":4}}]},"6":{"line":46,"type":"if","locations":[{"start":{"line":46,"column":6},"end":{"line":46,"column":6}},{"start":{"line":46,"column":6},"end":{"line":46,"column":6}}]},"7":{"line":52,"type":"if","locations":[{"start":{"line":52,"column":6},"end":{"line":52,"column":6}},{"start":{"line":52,"column":6},"end":{"line":52,"column":6}}]},"8":{"line":58,"type":"if","locations":[{"start":{"line":58,"column":6},"end":{"line":58,"column":6}},{"start":{"line":58,"column":6},"end":{"line":58,"column":6}}]},"9":{"line":62,"type":"if","locations":[{"start":{"line":62,"column":6},"end":{"line":62,"column":6}},{"start":{"line":62,"column":6},"end":{"line":62,"column":6}}]},"10":{"line":69,"type":"if","locations":[{"start":{"line":69,"column":6},"end":{"line":69,"column":6}},{"start":{"line":69,"column":6},"end":{"line":69,"column":6}}]},"11":{"line":75,"type":"if","locations":[{"start":{"line":75,"column":6},"end":{"line":75,"column":6}},{"start":{"line":75,"column":6},"end":{"line":75,"column":6}}]},"12":{"line":75,"type":"binary-expr","locations":[{"start":{"line":75,"column":10},"end":{"line":75,"column":25}},{"start":{"line":75,"column":29},"end":{"line":75,"column":50}}]},"13":{"line":77,"type":"if","locations":[{"start":{"line":77,"column":13},"end":{"line":77,"column":13}},{"start":{"line":77,"column":13},"end":{"line":77,"column":13}}]},"14":{"line":81,"type":"if","locations":[{"start":{"line":81,"column":6},"end":{"line":81,"column":6}},{"start":{"line":81,"column":6},"end":{"line":81,"column":6}}]},"15":{"line":88,"type":"if","locations":[{"start":{"line":88,"column":4},"end":{"line":88,"column":4}},{"start":{"line":88,"column":4},"end":{"line":88,"column":4}}]},"16":{"line":96,"type":"cond-expr","locations":[{"start":{"line":96,"column":58},"end":{"line":96,"column":78}},{"start":{"line":96,"column":81},"end":{"line":96,"column":94}}]},"17":{"line":99,"type":"if","locations":[{"start":{"line":99,"column":6},"end":{"line":99,"column":6}},{"start":{"line":99,"column":6},"end":{"line":99,"column":6}}]}},"code":["'use strict'","","var path = require('path')","var fs = require('fs')","var Promise = require('bluebird')","var platform = require('os').platform()","var Winser = require('winser-with-api').Winser","","var description = 'WINDOWS ONLY - install app as windows service, For other platforms see http://jsreport.net/on-prem/downloads'","var command = 'win-install'","","exports.command = command","exports.description = description","","exports.handler = function (argv) {","  return new Promise(function (resolve, reject) {","    var verbose = argv.verbose","    var context = argv.context","    var cwd = context.cwd","    var staticPaths = context.staticPaths || {}","    var appInfo = context.appInfo","    var existsPackageJson = fs.existsSync(path.join(cwd, './package.json'))","    var hasEntry = false","    var pathToApp","    var userPkg","    var serviceName","    var winser","","    console.log('Platform is ' + platform)","","    if (platform !== 'win32') {","      console.log('Installing app as windows service only works on windows platforms..')","      console.log('Installing jsreport as startup service for your platform should be described at http://jsreport.net/downloads')","","      return resolve({","        installed: false,","        serviceName: null","      })","    }","","    if (!existsPackageJson && !appInfo) {","      return reject(new Error('To install app as windows service you need a package.json file..'))","    }","","    if (appInfo) {","      if (!appInfo.path) {","        return reject(new Error('To install app as windows service you need to pass \"path\" in appInfo..'))","      }","","      pathToApp = appInfo.path","","      if (!appInfo.name) {","        return reject(new Error('To install app as windows service you need to pass \"name\" in appInfo..'))","      }","","      serviceName = appInfo.name","","      if (appInfo.startcmd) {","        hasEntry = true","      }","","      if (!hasEntry) {","        return reject(new Error('To install app as windows service you need to pass \"startcmd\" in appInfo..'))","      }","    } else {","      pathToApp = cwd","      userPkg = require(path.join(pathToApp, './package.json'))","","      if (!userPkg.name) {","        return reject(new Error('To install app as windows service you need a \"name\" field in package.json file..'))","      }","","      serviceName = userPkg.name","","      if (userPkg.scripts && userPkg.scripts.start) {","        hasEntry = true","      } else if (userPkg.main) {","        hasEntry = true","      }","","      if (!hasEntry) {","        return reject(new Error('To install app as windows service you need to have a \"start\" script or a \"main\" field in package.json file..'))","      }","    }","","    console.log('Installing windows service \"' + serviceName + '\" for app..')","","    if (appInfo) {","      winser = Winser({ silent: !verbose, nssmPath: staticPaths.nssm, app: appInfo })","    } else {","      winser = Winser({ silent: !verbose, nssmPath: staticPaths.nssm })","    }","","    winser.install({","      path: pathToApp,","      env: ['NODE_ENV=' + (process.env.NODE_ENV != null ? process.env.NODE_ENV : 'development')],","      autostart: true","    }, function (error) {","      if (error) {","        return reject(error)","      }","","      console.log('Service \"' + serviceName + '\" is running.')","","      resolve({","        installed: true,","        serviceName: serviceName","      })","    })","  })","}",""],"l":{"3":1,"4":1,"5":1,"6":1,"7":1,"9":1,"10":1,"12":1,"13":1,"15":1,"16":0,"17":0,"18":0,"19":0,"20":0,"21":0,"22":0,"23":0,"24":0,"25":0,"26":0,"27":0,"29":0,"31":0,"32":0,"33":0,"35":0,"41":0,"42":0,"45":0,"46":0,"47":0,"50":0,"52":0,"53":0,"56":0,"58":0,"59":0,"62":0,"63":0,"66":0,"67":0,"69":0,"70":0,"73":0,"75":0,"76":0,"77":0,"78":0,"81":0,"82":0,"86":0,"88":0,"89":0,"91":0,"94":0,"99":0,"100":0,"103":0,"105":0}},"/home/travis/build/npmtest/node-npmtest-jsreport/node_modules/jsreport-cli/lib/commands/win-uninstall.js":{"path":"/home/travis/build/npmtest/node-npmtest-jsreport/node_modules/jsreport-cli/lib/commands/win-uninstall.js","s":{"1":1,"2":1,"3":1,"4":1,"5":1,"6":1,"7":1,"8":1,"9":1,"10":1,"11":0,"12":0,"13":0,"14":0,"15":0,"16":0,"17":0,"18":0,"19":0,"20":0,"21":0,"22":0,"23":0,"24":0,"25":0,"26":0,"27":0,"28":0,"29":0,"30":0,"31":0,"32":0,"33":0,"34":0,"35":0,"36":0,"37":0,"38":0,"39":0,"40":0,"41":0,"42":0,"43":0,"44":0,"45":0,"46":0,"47":0,"48":0},"b":{"1":[0,0],"2":[0,0],"3":[0,0],"4":[0,0],"5":[0,0],"6":[0,0],"7":[0,0],"8":[0,0],"9":[0,0],"10":[0,0]},"f":{"1":0,"2":0,"3":0},"fnMap":{"1":{"name":"(anonymous_1)","line":15,"loc":{"start":{"line":15,"column":18},"end":{"line":15,"column":34}}},"2":{"name":"(anonymous_2)","line":16,"loc":{"start":{"line":16,"column":21},"end":{"line":16,"column":48}}},"3":{"name":"(anonymous_3)","line":77,"loc":{"start":{"line":77,"column":7},"end":{"line":77,"column":24}}}},"statementMap":{"1":{"start":{"line":3,"column":0},"end":{"line":3,"column":26}},"2":{"start":{"line":4,"column":0},"end":{"line":4,"column":22}},"3":{"start":{"line":5,"column":0},"end":{"line":5,"column":33}},"4":{"start":{"line":6,"column":0},"end":{"line":6,"column":39}},"5":{"start":{"line":7,"column":0},"end":{"line":7,"column":46}},"6":{"start":{"line":9,"column":0},"end":{"line":9,"column":61}},"7":{"start":{"line":10,"column":0},"end":{"line":10,"column":29}},"8":{"start":{"line":12,"column":0},"end":{"line":12,"column":25}},"9":{"start":{"line":13,"column":0},"end":{"line":13,"column":33}},"10":{"start":{"line":15,"column":0},"end":{"line":90,"column":1}},"11":{"start":{"line":16,"column":2},"end":{"line":89,"column":4}},"12":{"start":{"line":17,"column":4},"end":{"line":17,"column":30}},"13":{"start":{"line":18,"column":4},"end":{"line":18,"column":30}},"14":{"start":{"line":19,"column":4},"end":{"line":19,"column":25}},"15":{"start":{"line":20,"column":4},"end":{"line":20,"column":47}},"16":{"start":{"line":21,"column":4},"end":{"line":21,"column":33}},"17":{"start":{"line":22,"column":4},"end":{"line":22,"column":75}},"18":{"start":{"line":23,"column":4},"end":{"line":23,"column":17}},"19":{"start":{"line":24,"column":4},"end":{"line":24,"column":15}},"20":{"start":{"line":25,"column":4},"end":{"line":25,"column":19}},"21":{"start":{"line":26,"column":4},"end":{"line":26,"column":14}},"22":{"start":{"line":28,"column":4},"end":{"line":28,"column":42}},"23":{"start":{"line":30,"column":4},"end":{"line":37,"column":5}},"24":{"start":{"line":31,"column":6},"end":{"line":31,"column":89}},"25":{"start":{"line":33,"column":6},"end":{"line":36,"column":8}},"26":{"start":{"line":39,"column":4},"end":{"line":41,"column":5}},"27":{"start":{"line":40,"column":6},"end":{"line":40,"column":101}},"28":{"start":{"line":43,"column":4},"end":{"line":64,"column":5}},"29":{"start":{"line":44,"column":6},"end":{"line":46,"column":7}},"30":{"start":{"line":45,"column":8},"end":{"line":45,"column":109}},"31":{"start":{"line":48,"column":6},"end":{"line":48,"column":30}},"32":{"start":{"line":50,"column":6},"end":{"line":52,"column":7}},"33":{"start":{"line":51,"column":8},"end":{"line":51,"column":109}},"34":{"start":{"line":54,"column":6},"end":{"line":54,"column":32}},"35":{"start":{"line":56,"column":6},"end":{"line":56,"column":21}},"36":{"start":{"line":57,"column":6},"end":{"line":57,"column":63}},"37":{"start":{"line":59,"column":6},"end":{"line":61,"column":7}},"38":{"start":{"line":60,"column":8},"end":{"line":60,"column":119}},"39":{"start":{"line":63,"column":6},"end":{"line":63,"column":32}},"40":{"start":{"line":66,"column":4},"end":{"line":66,"column":70}},"41":{"start":{"line":68,"column":4},"end":{"line":72,"column":5}},"42":{"start":{"line":69,"column":6},"end":{"line":69,"column":85}},"43":{"start":{"line":71,"column":6},"end":{"line":71,"column":71}},"44":{"start":{"line":74,"column":4},"end":{"line":88,"column":6}},"45":{"start":{"line":78,"column":6},"end":{"line":80,"column":7}},"46":{"start":{"line":79,"column":8},"end":{"line":79,"column":28}},"47":{"start":{"line":82,"column":6},"end":{"line":82,"column":70}},"48":{"start":{"line":84,"column":6},"end":{"line":87,"column":8}}},"branchMap":{"1":{"line":20,"type":"binary-expr","locations":[{"start":{"line":20,"column":22},"end":{"line":20,"column":41}},{"start":{"line":20,"column":45},"end":{"line":20,"column":47}}]},"2":{"line":30,"type":"if","locations":[{"start":{"line":30,"column":4},"end":{"line":30,"column":4}},{"start":{"line":30,"column":4},"end":{"line":30,"column":4}}]},"3":{"line":39,"type":"if","locations":[{"start":{"line":39,"column":4},"end":{"line":39,"column":4}},{"start":{"line":39,"column":4},"end":{"line":39,"column":4}}]},"4":{"line":39,"type":"binary-expr","locations":[{"start":{"line":39,"column":8},"end":{"line":39,"column":26}},{"start":{"line":39,"column":30},"end":{"line":39,"column":38}}]},"5":{"line":43,"type":"if","locations":[{"start":{"line":43,"column":4},"end":{"line":43,"column":4}},{"start":{"line":43,"column":4},"end":{"line":43,"column":4}}]},"6":{"line":44,"type":"if","locations":[{"start":{"line":44,"column":6},"end":{"line":44,"column":6}},{"start":{"line":44,"column":6},"end":{"line":44,"column":6}}]},"7":{"line":50,"type":"if","locations":[{"start":{"line":50,"column":6},"end":{"line":50,"column":6}},{"start":{"line":50,"column":6},"end":{"line":50,"column":6}}]},"8":{"line":59,"type":"if","locations":[{"start":{"line":59,"column":6},"end":{"line":59,"column":6}},{"start":{"line":59,"column":6},"end":{"line":59,"column":6}}]},"9":{"line":68,"type":"if","locations":[{"start":{"line":68,"column":4},"end":{"line":68,"column":4}},{"start":{"line":68,"column":4},"end":{"line":68,"column":4}}]},"10":{"line":78,"type":"if","locations":[{"start":{"line":78,"column":6},"end":{"line":78,"column":6}},{"start":{"line":78,"column":6},"end":{"line":78,"column":6}}]}},"code":["'use strict'","","var path = require('path')","var fs = require('fs')","var Promise = require('bluebird')","var platform = require('os').platform()","var Winser = require('winser-with-api').Winser","","var description = 'WINDOWS ONLY - Stop and uninstall service'","var command = 'win-uninstall'","","exports.command = command","exports.description = description","","exports.handler = function (argv) {","  return new Promise(function (resolve, reject) {","    var verbose = argv.verbose","    var context = argv.context","    var cwd = context.cwd","    var staticPaths = context.staticPaths || {}","    var appInfo = context.appInfo","    var existsPackageJson = fs.existsSync(path.join(cwd, './package.json'))","    var pathToApp","    var userPkg","    var serviceName","    var winser","","    console.log('Platform is ' + platform)","","    if (platform !== 'win32') {","      console.log('Unstalling windows service for app only works on windows platforms..')","","      return resolve({","        uninstalled: false,","        serviceName: null","      })","    }","","    if (!existsPackageJson && !appInfo) {","      return reject(new Error('To uninstall windows service for app you need a package.json file..'))","    }","","    if (appInfo) {","      if (!appInfo.path) {","        return reject(new Error('To uninstall windows service for app you need to pass \"path\" in appInfo..'))","      }","","      pathToApp = appInfo.path","","      if (!appInfo.name) {","        return reject(new Error('To uninstall windows service for app you need to pass \"name\" in appInfo..'))","      }","","      serviceName = appInfo.name","    } else {","      pathToApp = cwd","      userPkg = require(path.join(pathToApp, './package.json'))","","      if (!userPkg.name) {","        return reject(new Error('To uninstall windows service for app you need a \"name\" field in package.json file..'))","      }","","      serviceName = userPkg.name","    }","","    console.log('Uninstalling windows service \"' + serviceName + '\".')","","    if (appInfo) {","      winser = Winser({ silent: !verbose, nssmPath: staticPaths.nssm, app: appInfo })","    } else {","      winser = Winser({ silent: !verbose, nssmPath: staticPaths.nssm })","    }","","    winser.remove({","      path: pathToApp,","      stop: true","    }, function (error) {","      if (error) {","        return reject(error)","      }","","      console.log('Windows service \"' + serviceName + '\" uninstalled')","","      resolve({","        uninstalled: true,","        serviceName: serviceName","      })","    })","  })","}",""],"l":{"3":1,"4":1,"5":1,"6":1,"7":1,"9":1,"10":1,"12":1,"13":1,"15":1,"16":0,"17":0,"18":0,"19":0,"20":0,"21":0,"22":0,"23":0,"24":0,"25":0,"26":0,"28":0,"30":0,"31":0,"33":0,"39":0,"40":0,"43":0,"44":0,"45":0,"48":0,"50":0,"51":0,"54":0,"56":0,"57":0,"59":0,"60":0,"63":0,"66":0,"68":0,"69":0,"71":0,"74":0,"78":0,"79":0,"82":0,"84":0}}}